

Started GET "/" for 127.0.0.1 at 2011-02-16 12:12:31 +0900
  Processing by HomeController#index as HTML
Rendered home/index.html.erb within layouts/application (3.0ms)
Completed 200 OK in 16ms (Views: 16.0ms | ActiveRecord: 0.0ms)
  [1m[36mSQL (0.0ms)[0m  [1mSHOW TABLES[0m
  [1m[35mSQL (100.0ms)[0m  CREATE TABLE `schema_migrations` (`version` varchar(255) NOT NULL) ENGINE=InnoDB
  [1m[36mSQL (0.0ms)[0m  [1mSHOW KEYS FROM `schema_migrations`[0m
  [1m[35mSQL (240.0ms)[0m  CREATE UNIQUE INDEX `unique_schema_migrations` ON `schema_migrations` (`version`)
  [1m[36mSQL (0.0ms)[0m  [1mSHOW TABLES[0m
  [1m[35mSQL (0.0ms)[0m  SHOW TABLES
  [1m[36mSQL (0.0ms)[0m  [1mSELECT `schema_migrations`.`version` FROM `schema_migrations`[0m
Migrating to CreatePosts (20110216031427)
  [1m[35mSQL (60.0ms)[0m  CREATE TABLE `posts` (`id` int(11) DEFAULT NULL auto_increment PRIMARY KEY, `name` varchar(255), `title` varchar(255), `content` text, `created_at` datetime, `updated_at` datetime) ENGINE=InnoDB
  [1m[36mSQL (30.0ms)[0m  [1mINSERT INTO `schema_migrations` (`version`) VALUES ('20110216031427')[0m
  [1m[35mSQL (0.0ms)[0m  SHOW TABLES
  [1m[36mSQL (0.0ms)[0m  [1mSELECT `schema_migrations`.`version` FROM `schema_migrations`[0m
  [1m[35mSQL (0.0ms)[0m  SHOW TABLES
  [1m[36mSQL (0.0ms)[0m  [1mdescribe `posts`[0m
  [1m[35mSQL (0.0ms)[0m  SHOW KEYS FROM `posts`


Started GET "/" for 127.0.0.1 at 2011-02-16 12:25:07 +0900
  Processing by HomeController#index as HTML
Rendered home/index.html.erb within layouts/application (0.0ms)
Completed 200 OK in 6ms (Views: 6.0ms | ActiveRecord: 0.0ms)


Started GET "/posts" for 127.0.0.1 at 2011-02-16 12:25:12 +0900
  Processing by PostsController#index as HTML
  [1m[36mPost Load (0.0ms)[0m  [1mSELECT `posts`.* FROM `posts`[0m
Rendered posts/index.html.erb within layouts/application (3.0ms)
Completed 200 OK in 199ms (Views: 16.0ms | ActiveRecord: 0.0ms)


Started GET "/posts/new" for 127.0.0.1 at 2011-02-16 12:25:14 +0900
  Processing by PostsController#new as HTML
Rendered posts/_form.html.erb (138.0ms)
Rendered posts/new.html.erb within layouts/application (146.0ms)
Completed 200 OK in 179ms (Views: 164.0ms | ActiveRecord: 0.0ms)


Started POST "/posts" for 127.0.0.1 at 2011-02-16 12:25:20 +0900
  Processing by PostsController#create as HTML
  Parameters: {"utf8"=>"✓", "authenticity_token"=>"Kb2eLqAhMSk+6Hlj4hk1FCo4aKR+QFAs5JaziNaYRts=", "post"=>{"name"=>"a", "title"=>"aa", "content"=>"aaa"}, "commit"=>"Create Post"}
  [1m[35mSQL (0.0ms)[0m  BEGIN
  [1m[36mSQL (1.0ms)[0m  [1mSHOW TABLES[0m
  [1m[35mSQL (3.0ms)[0m  describe `posts`
  [1m[36mAREL (0.0ms)[0m  [1mINSERT INTO `posts` (`name`, `title`, `content`, `created_at`, `updated_at`) VALUES ('a', 'aa', 'aaa', '2011-02-16 03:25:20', '2011-02-16 03:25:20')[0m
  [1m[35mSQL (25.0ms)[0m  COMMIT
Redirected to http://localhost:3000/posts/1
Completed 302 Found in 229ms


Started GET "/posts/1" for 127.0.0.1 at 2011-02-16 12:25:20 +0900
  Processing by PostsController#show as HTML
  Parameters: {"id"=>"1"}
  [1m[36mPost Load (1.0ms)[0m  [1mSELECT `posts`.* FROM `posts` WHERE `posts`.`id` = 1 LIMIT 1[0m
Rendered posts/show.html.erb within layouts/application (11.0ms)
Completed 200 OK in 65ms (Views: 40.0ms | ActiveRecord: 30.0ms)


Started GET "/posts/1/edit" for 127.0.0.1 at 2011-02-16 12:25:22 +0900
  Processing by PostsController#edit as HTML
  Parameters: {"id"=>"1"}
  [1m[35mPost Load (1.0ms)[0m  SELECT `posts`.* FROM `posts` WHERE `posts`.`id` = 1 LIMIT 1
Rendered posts/_form.html.erb (8.0ms)
Rendered posts/edit.html.erb within layouts/application (14.0ms)
Completed 200 OK in 37ms (Views: 26.0ms | ActiveRecord: 1.0ms)


Started POST "/posts/1" for 127.0.0.1 at 2011-02-16 12:25:26 +0900
  Processing by PostsController#update as HTML
  Parameters: {"utf8"=>"✓", "authenticity_token"=>"Kb2eLqAhMSk+6Hlj4hk1FCo4aKR+QFAs5JaziNaYRts=", "post"=>{"name"=>"a1", "title"=>"aa2", "content"=>"aaa3"}, "commit"=>"Update Post", "id"=>"1"}
  [1m[36mPost Load (0.0ms)[0m  [1mSELECT `posts`.* FROM `posts` WHERE `posts`.`id` = 1 LIMIT 1[0m
  [1m[35mSQL (0.0ms)[0m  BEGIN
  [1m[36mAREL (0.0ms)[0m  [1mUPDATE `posts` SET `name` = 'a1', `title` = 'aa2', `content` = 'aaa3', `updated_at` = '2011-02-16 03:25:26' WHERE `posts`.`id` = 1[0m
  [1m[35mSQL (39.0ms)[0m  COMMIT
Redirected to http://localhost:3000/posts/1
Completed 302 Found in 63ms


Started GET "/posts/1" for 127.0.0.1 at 2011-02-16 12:25:26 +0900
  Processing by PostsController#show as HTML
  Parameters: {"id"=>"1"}
  [1m[36mPost Load (0.0ms)[0m  [1mSELECT `posts`.* FROM `posts` WHERE `posts`.`id` = 1 LIMIT 1[0m
Rendered posts/show.html.erb within layouts/application (9.0ms)
Completed 200 OK in 38ms (Views: 25.0ms | ActiveRecord: 39.0ms)


Started GET "/posts" for 127.0.0.1 at 2011-02-16 12:25:28 +0900
  Processing by PostsController#index as HTML
  [1m[35mPost Load (0.0ms)[0m  SELECT `posts`.* FROM `posts`
Rendered posts/index.html.erb within layouts/application (8.0ms)
Completed 200 OK in 30ms (Views: 21.0ms | ActiveRecord: 0.0ms)


Started GET "/posts/1" for 127.0.0.1 at 2011-02-16 12:25:31 +0900
  Processing by PostsController#show as HTML
  Parameters: {"id"=>"1"}
  [1m[36mPost Load (0.0ms)[0m  [1mSELECT `posts`.* FROM `posts` WHERE `posts`.`id` = 1 LIMIT 1[0m
Rendered posts/show.html.erb within layouts/application (8.0ms)
Completed 200 OK in 35ms (Views: 23.0ms | ActiveRecord: 0.0ms)


Started GET "/posts" for 127.0.0.1 at 2011-02-16 12:25:32 +0900
  Processing by PostsController#index as HTML
  [1m[35mPost Load (0.0ms)[0m  SELECT `posts`.* FROM `posts`
Rendered posts/index.html.erb within layouts/application (8.0ms)
Completed 200 OK in 32ms (Views: 22.0ms | ActiveRecord: 0.0ms)


Started GET "/posts/1/edit" for 127.0.0.1 at 2011-02-16 12:25:33 +0900
  Processing by PostsController#edit as HTML
  Parameters: {"id"=>"1"}
  [1m[36mPost Load (0.0ms)[0m  [1mSELECT `posts`.* FROM `posts` WHERE `posts`.`id` = 1 LIMIT 1[0m
Rendered posts/_form.html.erb (11.0ms)
Rendered posts/edit.html.erb within layouts/application (19.0ms)
Completed 200 OK in 56ms (Views: 40.0ms | ActiveRecord: 0.0ms)


Started GET "/posts" for 127.0.0.1 at 2011-02-16 12:25:35 +0900
  Processing by PostsController#index as HTML
  [1m[35mPost Load (1.0ms)[0m  SELECT `posts`.* FROM `posts`
Rendered posts/index.html.erb within layouts/application (18.0ms)
Completed 200 OK in 69ms (Views: 49.0ms | ActiveRecord: 1.0ms)


Started POST "/posts/1" for 127.0.0.1 at 2011-02-16 12:25:39 +0900
  Processing by PostsController#destroy as HTML
  Parameters: {"authenticity_token"=>"Kb2eLqAhMSk+6Hlj4hk1FCo4aKR+QFAs5JaziNaYRts=", "id"=>"1"}
  [1m[36mPost Load (0.0ms)[0m  [1mSELECT `posts`.* FROM `posts` WHERE `posts`.`id` = 1 LIMIT 1[0m
  [1m[35mSQL (0.0ms)[0m  BEGIN
  [1m[36mAREL (0.0ms)[0m  [1mDELETE FROM `posts` WHERE `posts`.`id` = 1[0m
  [1m[35mSQL (29.0ms)[0m  COMMIT
Redirected to http://localhost:3000/posts
Completed 302 Found in 47ms


Started GET "/posts" for 127.0.0.1 at 2011-02-16 12:25:39 +0900
  Processing by PostsController#index as HTML
  [1m[36mPost Load (0.0ms)[0m  [1mSELECT `posts`.* FROM `posts`[0m
Rendered posts/index.html.erb within layouts/application (3.0ms)
Completed 200 OK in 25ms (Views: 16.0ms | ActiveRecord: 29.0ms)


Started GET "/posts/new" for 127.0.0.1 at 2011-02-16 12:25:41 +0900
  Processing by PostsController#new as HTML
Rendered posts/_form.html.erb (8.0ms)
Rendered posts/new.html.erb within layouts/application (16.0ms)
Completed 200 OK in 51ms (Views: 36.0ms | ActiveRecord: 0.0ms)


Started POST "/posts" for 127.0.0.1 at 2011-02-16 12:25:46 +0900
  Processing by PostsController#create as HTML
  Parameters: {"utf8"=>"✓", "authenticity_token"=>"Kb2eLqAhMSk+6Hlj4hk1FCo4aKR+QFAs5JaziNaYRts=", "post"=>{"name"=>"a", "title"=>"aa", "content"=>"aaa"}, "commit"=>"Create Post"}
  [1m[35mSQL (0.0ms)[0m  BEGIN
  [1m[36mSQL (1.0ms)[0m  [1mdescribe `posts`[0m
  [1m[35mAREL (0.0ms)[0m  INSERT INTO `posts` (`name`, `title`, `content`, `created_at`, `updated_at`) VALUES ('a', 'aa', 'aaa', '2011-02-16 03:25:46', '2011-02-16 03:25:46')
  [1m[36mSQL (23.0ms)[0m  [1mCOMMIT[0m
Redirected to http://localhost:3000/posts/2
Completed 302 Found in 45ms


Started GET "/posts/2" for 127.0.0.1 at 2011-02-16 12:25:47 +0900
  Processing by PostsController#show as HTML
  Parameters: {"id"=>"2"}
  [1m[35mPost Load (1.0ms)[0m  SELECT `posts`.* FROM `posts` WHERE `posts`.`id` = 2 LIMIT 1
Rendered posts/show.html.erb within layouts/application (8.0ms)
Completed 200 OK in 32ms (Views: 21.0ms | ActiveRecord: 25.0ms)


Started GET "/posts" for 127.0.0.1 at 2011-02-16 12:25:48 +0900
  Processing by PostsController#index as HTML
  [1m[36mPost Load (0.0ms)[0m  [1mSELECT `posts`.* FROM `posts`[0m
Rendered posts/index.html.erb within layouts/application (9.0ms)
Completed 200 OK in 32ms (Views: 21.0ms | ActiveRecord: 0.0ms)


Started GET "/posts/2/edit" for 127.0.0.1 at 2011-02-16 12:25:50 +0900
  Processing by PostsController#edit as HTML
  Parameters: {"id"=>"2"}
  [1m[35mPost Load (0.0ms)[0m  SELECT `posts`.* FROM `posts` WHERE `posts`.`id` = 2 LIMIT 1
Rendered posts/_form.html.erb (9.0ms)
Rendered posts/edit.html.erb within layouts/application (17.0ms)
Completed 200 OK in 69ms (Views: 44.0ms | ActiveRecord: 0.0ms)


Started POST "/posts/2" for 127.0.0.1 at 2011-02-16 12:25:52 +0900
  Processing by PostsController#update as HTML
  Parameters: {"utf8"=>"✓", "authenticity_token"=>"Kb2eLqAhMSk+6Hlj4hk1FCo4aKR+QFAs5JaziNaYRts=", "post"=>{"name"=>"a", "title"=>"aa", "content"=>"aaa33"}, "commit"=>"Update Post", "id"=>"2"}
  [1m[36mPost Load (0.0ms)[0m  [1mSELECT `posts`.* FROM `posts` WHERE `posts`.`id` = 2 LIMIT 1[0m
  [1m[35mSQL (0.0ms)[0m  BEGIN
  [1m[36mAREL (0.0ms)[0m  [1mUPDATE `posts` SET `content` = 'aaa33', `updated_at` = '2011-02-16 03:25:52' WHERE `posts`.`id` = 2[0m
  [1m[35mSQL (26.0ms)[0m  COMMIT
Redirected to http://localhost:3000/posts/2
Completed 302 Found in 52ms


Started GET "/posts/2" for 127.0.0.1 at 2011-02-16 12:25:52 +0900
  Processing by PostsController#show as HTML
  Parameters: {"id"=>"2"}
  [1m[36mPost Load (0.0ms)[0m  [1mSELECT `posts`.* FROM `posts` WHERE `posts`.`id` = 2 LIMIT 1[0m
Rendered posts/show.html.erb within layouts/application (7.0ms)
Completed 200 OK in 31ms (Views: 20.0ms | ActiveRecord: 26.0ms)


Started GET "/posts" for 127.0.0.1 at 2011-02-16 12:25:55 +0900
  Processing by PostsController#index as HTML
  [1m[35mPost Load (1.0ms)[0m  SELECT `posts`.* FROM `posts`
Rendered posts/index.html.erb within layouts/application (12.0ms)
Completed 200 OK in 45ms (Views: 32.0ms | ActiveRecord: 1.0ms)


Started GET "/" for 127.0.0.1 at 2011-02-16 13:28:12 +0900
  Processing by HomeController#index as HTML
Rendered home/index.html.erb within layouts/application (3.0ms)
Completed 200 OK in 24ms (Views: 24.0ms | ActiveRecord: 0.0ms)


Started GET "/posts" for 127.0.0.1 at 2011-02-16 13:28:18 +0900
  Processing by PostsController#index as HTML
  [1m[36mPost Load (0.0ms)[0m  [1mSELECT `posts`.* FROM `posts`[0m
Rendered posts/index.html.erb within layouts/application (10.0ms)
Completed 200 OK in 190ms (Views: 37.0ms | ActiveRecord: 0.0ms)


Started GET "/posts/new" for 127.0.0.1 at 2011-02-16 13:40:54 +0900
  Processing by PostsController#new as HTML
Rendered posts/_form.html.erb (62.0ms)
Rendered posts/new.html.erb within layouts/application (72.0ms)
Completed 200 OK in 129ms (Views: 101.0ms | ActiveRecord: 0.0ms)


Started POST "/posts" for 127.0.0.1 at 2011-02-16 13:40:55 +0900
  Processing by PostsController#create as HTML
  Parameters: {"utf8"=>"✓", "authenticity_token"=>"p0fa+JnlOzJRNBxPww92oLD9J12pa2/pNvZHbkKJfv0=", "post"=>{"name"=>"", "title"=>"", "content"=>""}, "commit"=>"Create Post"}
  [1m[35mSQL (0.0ms)[0m  BEGIN
  [1m[36mSQL (0.0ms)[0m  [1mROLLBACK[0m
Rendered posts/_form.html.erb (6.0ms)
Rendered posts/new.html.erb within layouts/application (13.0ms)
Completed 200 OK in 70ms (Views: 31.0ms | ActiveRecord: 0.0ms)


Started POST "/posts" for 127.0.0.1 at 2011-02-16 13:41:03 +0900
  Processing by PostsController#create as HTML
  Parameters: {"utf8"=>"✓", "authenticity_token"=>"p0fa+JnlOzJRNBxPww92oLD9J12pa2/pNvZHbkKJfv0=", "post"=>{"name"=>"a", "title"=>"aaaa", "content"=>""}, "commit"=>"Create Post"}
  [1m[35mSQL (0.0ms)[0m  BEGIN
  [1m[36mSQL (0.0ms)[0m  [1mROLLBACK[0m
Rendered posts/_form.html.erb (3.0ms)
Rendered posts/new.html.erb within layouts/application (9.0ms)
Completed 200 OK in 40ms (Views: 22.0ms | ActiveRecord: 0.0ms)


Started POST "/posts" for 127.0.0.1 at 2011-02-16 13:41:07 +0900
  Processing by PostsController#create as HTML
  Parameters: {"utf8"=>"✓", "authenticity_token"=>"p0fa+JnlOzJRNBxPww92oLD9J12pa2/pNvZHbkKJfv0=", "post"=>{"name"=>"a", "title"=>"aaaa3", "content"=>""}, "commit"=>"Create Post"}
  [1m[35mSQL (0.0ms)[0m  BEGIN
  [1m[36mSQL (1.0ms)[0m  [1mSHOW TABLES[0m
  [1m[35mSQL (1.0ms)[0m  describe `posts`
  [1m[36mAREL (8.0ms)[0m  [1mINSERT INTO `posts` (`name`, `title`, `content`, `created_at`, `updated_at`) VALUES ('a', 'aaaa3', '', '2011-02-16 04:41:07', '2011-02-16 04:41:07')[0m
  [1m[35mSQL (41.0ms)[0m  COMMIT
Redirected to http://localhost:3000/posts/3
Completed 302 Found in 106ms


Started GET "/posts/3" for 127.0.0.1 at 2011-02-16 13:41:07 +0900
  Processing by PostsController#show as HTML
  Parameters: {"id"=>"3"}
  [1m[36mPost Load (0.0ms)[0m  [1mSELECT `posts`.* FROM `posts` WHERE `posts`.`id` = 3 LIMIT 1[0m
Rendered posts/show.html.erb within layouts/application (11.0ms)
Completed 200 OK in 52ms (Views: 28.0ms | ActiveRecord: 51.0ms)


Started GET "/posts" for 127.0.0.1 at 2011-02-16 13:41:09 +0900
  Processing by PostsController#index as HTML
  [1m[35mPost Load (0.0ms)[0m  SELECT `posts`.* FROM `posts`
Rendered posts/index.html.erb within layouts/application (12.0ms)
Completed 200 OK in 40ms (Views: 28.0ms | ActiveRecord: 0.0ms)


Started GET "/posts/new" for 127.0.0.1 at 2011-02-16 13:42:06 +0900
  Processing by PostsController#new as HTML
Rendered posts/_form.html.erb (5.0ms)
Rendered posts/new.html.erb within layouts/application (11.0ms)
Completed 200 OK in 35ms (Views: 24.0ms | ActiveRecord: 0.0ms)
  [1m[36mSQL (0.0ms)[0m  [1mBEGIN[0m
  [1m[35mSQL (1.0ms)[0m  ROLLBACK
  [1m[36mSQL (0.0ms)[0m  [1mBEGIN[0m
  [1m[35mSQL (1.0ms)[0m  SHOW TABLES
  [1m[36mSQL (2.0ms)[0m  [1mdescribe `posts`[0m
  [1m[35mAREL (0.0ms)[0m  INSERT INTO `posts` (`name`, `title`, `content`, `created_at`, `updated_at`) VALUES ('a12', '12345', 'a new post', '2011-02-16 04:45:09', '2011-02-16 04:45:09')
  [1m[36mSQL (35.0ms)[0m  [1mCOMMIT[0m


Started GET "/" for 127.0.0.1 at 2011-02-21 10:40:54 +0900
  Processing by HomeController#index as HTML
Rendered home/index.html.erb within layouts/application (3.0ms)
Completed 200 OK in 28ms (Views: 28.0ms | ActiveRecord: 0.0ms)


Started GET "/" for 127.0.0.1 at 2011-02-21 10:40:59 +0900
  Processing by HomeController#index as HTML
Rendered home/index.html.erb within layouts/application (3.0ms)
Completed 200 OK in 16ms (Views: 15.0ms | ActiveRecord: 0.0ms)


Started GET "/posts" for 127.0.0.1 at 2011-02-21 10:41:03 +0900
  Processing by PostsController#index as HTML
  [1m[36mPost Load (0.0ms)[0m  [1mSELECT `posts`.* FROM `posts`[0m
Rendered posts/index.html.erb within layouts/application (22.0ms)
Completed 200 OK in 237ms (Views: 35.0ms | ActiveRecord: 0.0ms)


Started GET "/" for 127.0.0.1 at 2011-02-21 10:41:40 +0900
  Processing by HomeController#index as HTML
Rendered home/index.html.erb within layouts/application (2.0ms)
Completed 200 OK in 15ms (Views: 15.0ms | ActiveRecord: 0.0ms)


Started GET "/posts" for 127.0.0.1 at 2011-02-21 10:43:58 +0900
  Processing by PostsController#index as HTML
  [1m[35mPost Load (0.0ms)[0m  SELECT `posts`.* FROM `posts`
Rendered posts/index.html.erb within layouts/application (10.0ms)
Completed 200 OK in 34ms (Views: 23.0ms | ActiveRecord: 0.0ms)


Started POST "/posts/3" for 127.0.0.1 at 2011-02-21 15:41:50 +0900
  Processing by PostsController#destroy as HTML
  Parameters: {"authenticity_token"=>"RkKVi9SsdFAqENMoKKYPS3qJjhXybZzRlui7ZFC4wUk=", "id"=>"3"}
  [1m[36mSQL (50.0ms)[0m  [1mSHOW TABLES[0m
  [1m[35mPost Load (1.0ms)[0m  SELECT `posts`.* FROM `posts` WHERE `posts`.`id` = 3 LIMIT 1
  [1m[36mSQL (0.0ms)[0m  [1mBEGIN[0m
  [1m[35mAREL (1.0ms)[0m  DELETE FROM `posts` WHERE `posts`.`id` = 3
  [1m[36mSQL (28.0ms)[0m  [1mCOMMIT[0m
Redirected to http://localhost:3000/posts
Completed 302 Found in 111ms


Started GET "/posts" for 127.0.0.1 at 2011-02-21 15:41:50 +0900
  Processing by PostsController#index as HTML
  [1m[35mPost Load (0.0ms)[0m  SELECT `posts`.* FROM `posts`
Rendered posts/index.html.erb within layouts/application (23.0ms)
Completed 200 OK in 53ms (Views: 41.0ms | ActiveRecord: 80.0ms)


Started GET "/posts" for 127.0.0.1 at 2011-02-21 15:42:27 +0900
  Processing by PostsController#index as HTML
  [1m[36mPost Load (0.0ms)[0m  [1mSELECT `posts`.* FROM `posts`[0m
Rendered posts/index.html.erb within layouts/application (20.0ms)
Completed 200 OK in 47ms (Views: 33.0ms | ActiveRecord: 0.0ms)


Started GET "/posts" for 127.0.0.1 at 2011-02-21 15:42:28 +0900
  Processing by PostsController#index as HTML
  [1m[35mPost Load (0.0ms)[0m  SELECT `posts`.* FROM `posts`
Rendered posts/index.html.erb within layouts/application (9.0ms)
Completed 200 OK in 32ms (Views: 22.0ms | ActiveRecord: 0.0ms)


Started GET "/posts" for 127.0.0.1 at 2011-02-21 15:50:02 +0900
  Processing by PostsController#index as HTML
  [1m[36mPost Load (0.0ms)[0m  [1mSELECT `posts`.* FROM `posts`[0m
Rendered posts/index.html.erb within layouts/application (11.0ms)
Completed 200 OK in 37ms (Views: 26.0ms | ActiveRecord: 0.0ms)


Started GET "/posts/4" for 127.0.0.1 at 2011-02-21 15:50:04 +0900
  Processing by PostsController#show as HTML
  Parameters: {"id"=>"4"}
  [1m[35mPost Load (1.0ms)[0m  SELECT `posts`.* FROM `posts` WHERE `posts`.`id` = 4 LIMIT 1
Rendered posts/show.html.erb within layouts/application (7.0ms)
Completed 200 OK in 50ms (Views: 34.0ms | ActiveRecord: 1.0ms)


Started GET "/posts/4/edit" for 127.0.0.1 at 2011-02-21 15:50:05 +0900
  Processing by PostsController#edit as HTML
  Parameters: {"id"=>"4"}
  [1m[36mPost Load (0.0ms)[0m  [1mSELECT `posts`.* FROM `posts` WHERE `posts`.`id` = 4 LIMIT 1[0m
Rendered posts/_form.html.erb (188.0ms)
Rendered posts/edit.html.erb within layouts/application (208.0ms)
Completed 200 OK in 246ms (Views: 227.0ms | ActiveRecord: 0.0ms)


Started POST "/posts/4" for 127.0.0.1 at 2011-02-21 15:50:07 +0900
  Processing by PostsController#update as HTML
  Parameters: {"utf8"=>"✓", "authenticity_token"=>"RkKVi9SsdFAqENMoKKYPS3qJjhXybZzRlui7ZFC4wUk=", "post"=>{"name"=>"a12", "title"=>"12345", "content"=>"a new post"}, "commit"=>"Update Post", "id"=>"4"}
  [1m[35mPost Load (0.0ms)[0m  SELECT `posts`.* FROM `posts` WHERE `posts`.`id` = 4 LIMIT 1
  [1m[36mSQL (0.0ms)[0m  [1mBEGIN[0m
  [1m[35mSQL (0.0ms)[0m  COMMIT
Redirected to http://localhost:3000/posts/4
Completed 302 Found in 19ms


Started GET "/posts/4" for 127.0.0.1 at 2011-02-21 15:50:08 +0900
  Processing by PostsController#show as HTML
  Parameters: {"id"=>"4"}
  [1m[36mPost Load (0.0ms)[0m  [1mSELECT `posts`.* FROM `posts` WHERE `posts`.`id` = 4 LIMIT 1[0m
Rendered posts/show.html.erb within layouts/application (8.0ms)
Completed 200 OK in 33ms (Views: 21.0ms | ActiveRecord: 0.0ms)


Started GET "/posts" for 127.0.0.1 at 2011-02-21 15:50:09 +0900
  Processing by PostsController#index as HTML
  [1m[35mPost Load (0.0ms)[0m  SELECT `posts`.* FROM `posts`
Rendered posts/index.html.erb within layouts/application (10.0ms)
Completed 200 OK in 33ms (Views: 22.0ms | ActiveRecord: 0.0ms)
  [1m[36mSQL (0.0ms)[0m  [1mSHOW TABLES[0m
  [1m[35mSQL (0.0ms)[0m  SHOW TABLES
  [1m[36mSQL (0.0ms)[0m  [1mSELECT `schema_migrations`.`version` FROM `schema_migrations`[0m
Migrating to CreatePosts (20110216031427)
Migrating to CreateComments (20110221065331)
  [1m[35mSQL (108.0ms)[0m  CREATE TABLE `comments` (`id` int(11) DEFAULT NULL auto_increment PRIMARY KEY, `commenter` varchar(255), `body` text, `post_id` int(11), `created_at` datetime, `updated_at` datetime) ENGINE=InnoDB
  [1m[36mSQL (41.0ms)[0m  [1mINSERT INTO `schema_migrations` (`version`) VALUES ('20110221065331')[0m
  [1m[35mSQL (2.0ms)[0m  SHOW TABLES
  [1m[36mSQL (1.0ms)[0m  [1mSELECT `schema_migrations`.`version` FROM `schema_migrations`[0m
  [1m[35mSQL (1.0ms)[0m  SHOW TABLES
  [1m[36mSQL (3.0ms)[0m  [1mdescribe `comments`[0m
  [1m[35mSQL (1.0ms)[0m  SHOW KEYS FROM `comments`
  [1m[36mSQL (3.0ms)[0m  [1mdescribe `posts`[0m
  [1m[35mSQL (1.0ms)[0m  SHOW KEYS FROM `posts`


Started GET "/posts" for 127.0.0.1 at 2011-02-21 16:02:09 +0900
  Processing by PostsController#index as HTML
  [1m[36mPost Load (0.0ms)[0m  [1mSELECT `posts`.* FROM `posts`[0m
Rendered posts/index.html.erb within layouts/application (10.0ms)
Completed 200 OK in 162ms (Views: 35.0ms | ActiveRecord: 0.0ms)


Started GET "/posts" for 127.0.0.1 at 2011-02-21 16:02:10 +0900
  Processing by PostsController#index as HTML
  [1m[35mPost Load (0.0ms)[0m  SELECT `posts`.* FROM `posts`
Rendered posts/index.html.erb within layouts/application (9.0ms)
Completed 200 OK in 34ms (Views: 23.0ms | ActiveRecord: 0.0ms)


Started GET "/posts" for 127.0.0.1 at 2011-02-21 16:02:11 +0900
  Processing by PostsController#index as HTML
  [1m[36mPost Load (0.0ms)[0m  [1mSELECT `posts`.* FROM `posts`[0m
Rendered posts/index.html.erb within layouts/application (9.0ms)
Completed 200 OK in 38ms (Views: 25.0ms | ActiveRecord: 0.0ms)


Started GET "/posts" for 127.0.0.1 at 2011-02-21 16:02:12 +0900
  Processing by PostsController#index as HTML
  [1m[35mPost Load (1.0ms)[0m  SELECT `posts`.* FROM `posts`
Rendered posts/index.html.erb within layouts/application (20.0ms)
Completed 200 OK in 49ms (Views: 33.0ms | ActiveRecord: 1.0ms)


Started GET "/posts" for 127.0.0.1 at 2011-02-21 16:02:12 +0900
  Processing by PostsController#index as HTML
  [1m[36mPost Load (1.0ms)[0m  [1mSELECT `posts`.* FROM `posts`[0m
Rendered posts/index.html.erb within layouts/application (9.0ms)
Completed 200 OK in 33ms (Views: 22.0ms | ActiveRecord: 1.0ms)


Started GET "/posts" for 127.0.0.1 at 2011-02-21 16:02:13 +0900
  Processing by PostsController#index as HTML
  [1m[35mPost Load (0.0ms)[0m  SELECT `posts`.* FROM `posts`
Rendered posts/index.html.erb within layouts/application (11.0ms)
Completed 200 OK in 40ms (Views: 27.0ms | ActiveRecord: 0.0ms)


Started GET "/posts" for 127.0.0.1 at 2011-02-21 16:02:14 +0900
  Processing by PostsController#index as HTML
  [1m[36mPost Load (0.0ms)[0m  [1mSELECT `posts`.* FROM `posts`[0m
Rendered posts/index.html.erb within layouts/application (21.0ms)
Completed 200 OK in 46ms (Views: 34.0ms | ActiveRecord: 0.0ms)


Started GET "/" for 127.0.0.1 at 2011-02-21 16:02:17 +0900
  Processing by HomeController#index as HTML
Rendered home/index.html.erb within layouts/application (2.0ms)
Completed 200 OK in 24ms (Views: 24.0ms | ActiveRecord: 0.0ms)


Started GET "/posts" for 127.0.0.1 at 2011-02-21 16:02:21 +0900
  Processing by PostsController#index as HTML
  [1m[35mPost Load (1.0ms)[0m  SELECT `posts`.* FROM `posts`
Rendered posts/index.html.erb within layouts/application (83.0ms)
Completed 200 OK in 119ms (Views: 96.0ms | ActiveRecord: 1.0ms)


Started GET "/posts/2" for 127.0.0.1 at 2011-02-21 16:02:23 +0900
  Processing by PostsController#show as HTML
  Parameters: {"id"=>"2"}
  [1m[36mPost Load (0.0ms)[0m  [1mSELECT `posts`.* FROM `posts` WHERE `posts`.`id` = 2 LIMIT 1[0m
Rendered posts/show.html.erb within layouts/application (7.0ms)
Completed 200 OK in 39ms (Views: 23.0ms | ActiveRecord: 0.0ms)


Started GET "/posts/2/edit" for 127.0.0.1 at 2011-02-21 16:02:28 +0900
  Processing by PostsController#edit as HTML
  Parameters: {"id"=>"2"}
  [1m[35mPost Load (1.0ms)[0m  SELECT `posts`.* FROM `posts` WHERE `posts`.`id` = 2 LIMIT 1
Rendered posts/_form.html.erb (8.0ms)
Rendered posts/edit.html.erb within layouts/application (13.0ms)
Completed 200 OK in 52ms (Views: 26.0ms | ActiveRecord: 1.0ms)


Started GET "/posts/4" for 127.0.0.1 at 2011-02-21 16:08:05 +0900
  Processing by PostsController#show as HTML
  Parameters: {"id"=>"4"}
  [1m[36mPost Load (0.0ms)[0m  [1mSELECT `posts`.* FROM `posts` WHERE `posts`.`id` = 4 LIMIT 1[0m
Rendered posts/show.html.erb within layouts/application (102.0ms)
Completed 200 OK in 133ms (Views: 118.0ms | ActiveRecord: 0.0ms)


Started POST "/posts/4/comments" for 127.0.0.1 at 2011-02-21 16:08:13 +0900
  Processing by CommentsController#create as HTML
  Parameters: {"utf8"=>"✓", "authenticity_token"=>"RkKVi9SsdFAqENMoKKYPS3qJjhXybZzRlui7ZFC4wUk=", "comment"=>{"commenter"=>"aaaa", "body"=>"bbbbb"}, "commit"=>"Create Comment", "post_id"=>"4"}
  [1m[35mPost Load (1.0ms)[0m  SELECT `posts`.* FROM `posts` WHERE `posts`.`id` = 4 LIMIT 1
  [1m[36mSQL (0.0ms)[0m  [1mBEGIN[0m
  [1m[35mSQL (0.0ms)[0m  SHOW TABLES
  [1m[36mSQL (2.0ms)[0m  [1mdescribe `comments`[0m
  [1m[35mAREL (1.0ms)[0m  INSERT INTO `comments` (`commenter`, `body`, `post_id`, `created_at`, `updated_at`) VALUES ('aaaa', 'bbbbb', 4, '2011-02-21 07:08:13', '2011-02-21 07:08:13')
  [1m[36mSQL (51.0ms)[0m  [1mCOMMIT[0m
Redirected to http://localhost:3000/posts/4
Completed 302 Found in 96ms


Started GET "/posts/4" for 127.0.0.1 at 2011-02-21 16:08:13 +0900
  Processing by PostsController#show as HTML
  Parameters: {"id"=>"4"}
  [1m[35mPost Load (0.0ms)[0m  SELECT `posts`.* FROM `posts` WHERE `posts`.`id` = 4 LIMIT 1
Rendered posts/show.html.erb within layouts/application (40.0ms)
Completed 200 OK in 67ms (Views: 53.0ms | ActiveRecord: 55.0ms)


Started POST "/posts/4/comments" for 127.0.0.1 at 2011-02-21 16:08:21 +0900
  Processing by CommentsController#create as HTML
  Parameters: {"utf8"=>"✓", "authenticity_token"=>"RkKVi9SsdFAqENMoKKYPS3qJjhXybZzRlui7ZFC4wUk=", "comment"=>{"commenter"=>"ddd", "body"=>"ssss"}, "commit"=>"Create Comment", "post_id"=>"4"}
  [1m[36mPost Load (0.0ms)[0m  [1mSELECT `posts`.* FROM `posts` WHERE `posts`.`id` = 4 LIMIT 1[0m
  [1m[35mSQL (0.0ms)[0m  BEGIN
  [1m[36mSQL (1.0ms)[0m  [1mSHOW TABLES[0m
  [1m[35mSQL (1.0ms)[0m  describe `comments`
  [1m[36mAREL (0.0ms)[0m  [1mINSERT INTO `comments` (`commenter`, `body`, `post_id`, `created_at`, `updated_at`) VALUES ('ddd', 'ssss', 4, '2011-02-21 07:08:22', '2011-02-21 07:08:22')[0m
  [1m[35mSQL (35.0ms)[0m  COMMIT
Redirected to http://localhost:3000/posts/4
Completed 302 Found in 92ms


Started GET "/posts/4" for 127.0.0.1 at 2011-02-21 16:08:22 +0900
  Processing by PostsController#show as HTML
  Parameters: {"id"=>"4"}
  [1m[36mPost Load (0.0ms)[0m  [1mSELECT `posts`.* FROM `posts` WHERE `posts`.`id` = 4 LIMIT 1[0m
Rendered posts/show.html.erb within layouts/application (29.0ms)
Completed 200 OK in 55ms (Views: 42.0ms | ActiveRecord: 37.0ms)


Started GET "/posts" for 127.0.0.1 at 2011-02-21 16:08:24 +0900
  Processing by PostsController#index as HTML
  [1m[35mPost Load (0.0ms)[0m  SELECT `posts`.* FROM `posts`
Rendered posts/index.html.erb within layouts/application (9.0ms)
Completed 200 OK in 35ms (Views: 22.0ms | ActiveRecord: 0.0ms)


Started GET "/posts/4" for 127.0.0.1 at 2011-02-21 16:08:25 +0900
  Processing by PostsController#show as HTML
  Parameters: {"id"=>"4"}
  [1m[36mPost Load (1.0ms)[0m  [1mSELECT `posts`.* FROM `posts` WHERE `posts`.`id` = 4 LIMIT 1[0m
Rendered posts/show.html.erb within layouts/application (40.0ms)
Completed 200 OK in 74ms (Views: 55.0ms | ActiveRecord: 1.0ms)


Started GET "/posts/4" for 127.0.0.1 at 2011-02-21 17:58:05 +0900
  Processing by PostsController#show as HTML
  Parameters: {"id"=>"4"}
  [1m[35mPost Load (0.0ms)[0m  SELECT `posts`.* FROM `posts` WHERE `posts`.`id` = 4 LIMIT 1
  [1m[36mComment Load (1.0ms)[0m  [1mSELECT `comments`.* FROM `comments` WHERE (`comments`.post_id = 4)[0m
Rendered comments/_comment.html.erb (5.0ms)
Rendered posts/show.html.erb within layouts/application (36.0ms)
Completed 200 OK in 94ms (Views: 55.0ms | ActiveRecord: 1.0ms)


Started POST "/posts/4/comments" for 127.0.0.1 at 2011-02-21 17:58:16 +0900
  Processing by CommentsController#create as HTML
  Parameters: {"utf8"=>"✓", "authenticity_token"=>"RkKVi9SsdFAqENMoKKYPS3qJjhXybZzRlui7ZFC4wUk=", "comment"=>{"commenter"=>"c", "body"=>"ccc"}, "commit"=>"Create Comment", "post_id"=>"4"}
  [1m[35mPost Load (0.0ms)[0m  SELECT `posts`.* FROM `posts` WHERE `posts`.`id` = 4 LIMIT 1
  [1m[36mSQL (0.0ms)[0m  [1mBEGIN[0m
  [1m[35mSQL (0.0ms)[0m  SHOW TABLES
  [1m[36mSQL (1.0ms)[0m  [1mdescribe `comments`[0m
  [1m[35mAREL (0.0ms)[0m  INSERT INTO `comments` (`commenter`, `body`, `post_id`, `created_at`, `updated_at`) VALUES ('c', 'ccc', 4, '2011-02-21 08:58:16', '2011-02-21 08:58:16')
  [1m[36mSQL (26.0ms)[0m  [1mCOMMIT[0m
Redirected to http://localhost:3000/posts/4
Completed 302 Found in 81ms


Started GET "/posts/4" for 127.0.0.1 at 2011-02-21 17:58:16 +0900
  Processing by PostsController#show as HTML
  Parameters: {"id"=>"4"}
  [1m[35mPost Load (0.0ms)[0m  SELECT `posts`.* FROM `posts` WHERE `posts`.`id` = 4 LIMIT 1
  [1m[36mComment Load (0.0ms)[0m  [1mSELECT `comments`.* FROM `comments` WHERE (`comments`.post_id = 4)[0m
Rendered comments/_comment.html.erb (5.0ms)
Rendered posts/show.html.erb within layouts/application (34.0ms)
Completed 200 OK in 62ms (Views: 49.0ms | ActiveRecord: 27.0ms)


Started GET "/posts/4" for 127.0.0.1 at 2011-02-21 18:00:04 +0900
  Processing by PostsController#show as HTML
  Parameters: {"id"=>"4"}
  [1m[35mPost Load (0.0ms)[0m  SELECT `posts`.* FROM `posts` WHERE `posts`.`id` = 4 LIMIT 1
  [1m[36mComment Load (0.0ms)[0m  [1mSELECT `comments`.* FROM `comments` WHERE (`comments`.post_id = 4)[0m
Rendered comments/_comment.html.erb (5.0ms)
Rendered comments/_form.html.erb (3.0ms)
Rendered posts/show.html.erb within layouts/application (46.0ms)
Completed 200 OK in 73ms (Views: 60.0ms | ActiveRecord: 0.0ms)


Started POST "/posts/4/comments" for 127.0.0.1 at 2011-02-21 18:00:08 +0900
  Processing by CommentsController#create as HTML
  Parameters: {"utf8"=>"✓", "authenticity_token"=>"RkKVi9SsdFAqENMoKKYPS3qJjhXybZzRlui7ZFC4wUk=", "comment"=>{"commenter"=>"d", "body"=>"ddd"}, "commit"=>"Create Comment", "post_id"=>"4"}
  [1m[35mPost Load (1.0ms)[0m  SELECT `posts`.* FROM `posts` WHERE `posts`.`id` = 4 LIMIT 1
  [1m[36mSQL (0.0ms)[0m  [1mBEGIN[0m
  [1m[35mSQL (0.0ms)[0m  SHOW TABLES
  [1m[36mSQL (2.0ms)[0m  [1mdescribe `comments`[0m
  [1m[35mAREL (1.0ms)[0m  INSERT INTO `comments` (`commenter`, `body`, `post_id`, `created_at`, `updated_at`) VALUES ('d', 'ddd', 4, '2011-02-21 09:00:08', '2011-02-21 09:00:08')
  [1m[36mSQL (29.0ms)[0m  [1mCOMMIT[0m
Redirected to http://localhost:3000/posts/4
Completed 302 Found in 81ms


Started GET "/posts/4" for 127.0.0.1 at 2011-02-21 18:00:08 +0900
  Processing by PostsController#show as HTML
  Parameters: {"id"=>"4"}
  [1m[35mPost Load (0.0ms)[0m  SELECT `posts`.* FROM `posts` WHERE `posts`.`id` = 4 LIMIT 1
  [1m[36mComment Load (0.0ms)[0m  [1mSELECT `comments`.* FROM `comments` WHERE (`comments`.post_id = 4)[0m
Rendered comments/_comment.html.erb (5.0ms)
Rendered comments/_form.html.erb (3.0ms)
Rendered posts/show.html.erb within layouts/application (37.0ms)
Completed 200 OK in 65ms (Views: 50.0ms | ActiveRecord: 33.0ms)


Started GET "/posts/4" for 127.0.0.1 at 2011-02-21 18:01:18 +0900
  Processing by PostsController#show as HTML
  Parameters: {"id"=>"4"}
  [1m[35mPost Load (0.0ms)[0m  SELECT `posts`.* FROM `posts` WHERE `posts`.`id` = 4 LIMIT 1
  [1m[36mComment Load (1.0ms)[0m  [1mSELECT `comments`.* FROM `comments` WHERE (`comments`.post_id = 4)[0m
  [1m[35mCACHE (0.0ms)[0m  SELECT `posts`.* FROM `posts` WHERE `posts`.`id` = 4 LIMIT 1
  [1m[36mCACHE (0.0ms)[0m  [1mSELECT `posts`.* FROM `posts` WHERE `posts`.`id` = 4 LIMIT 1[0m
  [1m[35mCACHE (0.0ms)[0m  SELECT `posts`.* FROM `posts` WHERE `posts`.`id` = 4 LIMIT 1
  [1m[36mCACHE (0.0ms)[0m  [1mSELECT `posts`.* FROM `posts` WHERE `posts`.`id` = 4 LIMIT 1[0m
Rendered comments/_comment.html.erb (14.0ms)
Rendered comments/_form.html.erb (2.0ms)
Rendered posts/show.html.erb within layouts/application (56.0ms)
Completed 200 OK in 82ms (Views: 68.0ms | ActiveRecord: 1.0ms)


Started GET "/posts/4" for 127.0.0.1 at 2011-02-21 18:01:19 +0900
  Processing by PostsController#show as HTML
  Parameters: {"id"=>"4"}
  [1m[35mPost Load (0.0ms)[0m  SELECT `posts`.* FROM `posts` WHERE `posts`.`id` = 4 LIMIT 1
  [1m[36mComment Load (1.0ms)[0m  [1mSELECT `comments`.* FROM `comments` WHERE (`comments`.post_id = 4)[0m
  [1m[35mCACHE (0.0ms)[0m  SELECT `posts`.* FROM `posts` WHERE `posts`.`id` = 4 LIMIT 1
  [1m[36mCACHE (0.0ms)[0m  [1mSELECT `posts`.* FROM `posts` WHERE `posts`.`id` = 4 LIMIT 1[0m
  [1m[35mCACHE (0.0ms)[0m  SELECT `posts`.* FROM `posts` WHERE `posts`.`id` = 4 LIMIT 1
  [1m[36mCACHE (0.0ms)[0m  [1mSELECT `posts`.* FROM `posts` WHERE `posts`.`id` = 4 LIMIT 1[0m
Rendered comments/_comment.html.erb (14.0ms)
Rendered comments/_form.html.erb (2.0ms)
Rendered posts/show.html.erb within layouts/application (59.0ms)
Completed 200 OK in 86ms (Views: 71.0ms | ActiveRecord: 1.0ms)


Started POST "/posts/4/comments/1" for 127.0.0.1 at 2011-02-21 18:01:25 +0900

AbstractController::ActionNotFound (The action 'destroy' could not be found for CommentsController):
  

Rendered C:/Ruby192/lib/ruby/gems/1.9.1/gems/actionpack-3.0.4/lib/action_dispatch/middleware/templates/rescues/unknown_action.erb within rescues/layout (1.0ms)


Started GET "/posts/4" for 127.0.0.1 at 2011-02-21 18:02:37 +0900
  Processing by PostsController#show as HTML
  Parameters: {"id"=>"4"}
  [1m[35mPost Load (1.0ms)[0m  SELECT `posts`.* FROM `posts` WHERE `posts`.`id` = 4 LIMIT 1
  [1m[36mComment Load (0.0ms)[0m  [1mSELECT `comments`.* FROM `comments` WHERE (`comments`.post_id = 4)[0m
  [1m[35mCACHE (0.0ms)[0m  SELECT `posts`.* FROM `posts` WHERE `posts`.`id` = 4 LIMIT 1
  [1m[36mCACHE (0.0ms)[0m  [1mSELECT `posts`.* FROM `posts` WHERE `posts`.`id` = 4 LIMIT 1[0m
  [1m[35mCACHE (0.0ms)[0m  SELECT `posts`.* FROM `posts` WHERE `posts`.`id` = 4 LIMIT 1
  [1m[36mCACHE (0.0ms)[0m  [1mSELECT `posts`.* FROM `posts` WHERE `posts`.`id` = 4 LIMIT 1[0m
Rendered comments/_comment.html.erb (14.0ms)
Rendered comments/_form.html.erb (14.0ms)
Rendered posts/show.html.erb within layouts/application (56.0ms)
Completed 200 OK in 84ms (Views: 70.0ms | ActiveRecord: 1.0ms)


Started POST "/posts/4/comments/1" for 127.0.0.1 at 2011-02-21 18:02:40 +0900
  Processing by CommentsController#destroy as HTML
  Parameters: {"authenticity_token"=>"RkKVi9SsdFAqENMoKKYPS3qJjhXybZzRlui7ZFC4wUk=", "post_id"=>"4", "id"=>"1"}
  [1m[35mPost Load (1.0ms)[0m  SELECT `posts`.* FROM `posts` WHERE `posts`.`id` = 4 LIMIT 1
  [1m[36mSQL (1.0ms)[0m  [1mSHOW TABLES[0m
  [1m[35mComment Load (0.0ms)[0m  SELECT `comments`.* FROM `comments` WHERE `comments`.`id` = 1 AND (`comments`.post_id = 4) LIMIT 1
  [1m[36mSQL (0.0ms)[0m  [1mBEGIN[0m
  [1m[35mAREL (0.0ms)[0m  DELETE FROM `comments` WHERE `comments`.`id` = 1
  [1m[36mSQL (33.0ms)[0m  [1mCOMMIT[0m
Redirected to http://localhost:3000/posts/4
Completed 302 Found in 79ms


Started GET "/posts/4" for 127.0.0.1 at 2011-02-21 18:02:41 +0900
  Processing by PostsController#show as HTML
  Parameters: {"id"=>"4"}
  [1m[35mPost Load (0.0ms)[0m  SELECT `posts`.* FROM `posts` WHERE `posts`.`id` = 4 LIMIT 1
  [1m[36mComment Load (0.0ms)[0m  [1mSELECT `comments`.* FROM `comments` WHERE (`comments`.post_id = 4)[0m
  [1m[35mCACHE (0.0ms)[0m  SELECT `posts`.* FROM `posts` WHERE `posts`.`id` = 4 LIMIT 1
  [1m[36mCACHE (0.0ms)[0m  [1mSELECT `posts`.* FROM `posts` WHERE `posts`.`id` = 4 LIMIT 1[0m
  [1m[35mCACHE (0.0ms)[0m  SELECT `posts`.* FROM `posts` WHERE `posts`.`id` = 4 LIMIT 1
Rendered comments/_comment.html.erb (13.0ms)
Rendered comments/_form.html.erb (3.0ms)
Rendered posts/show.html.erb within layouts/application (45.0ms)
Completed 200 OK in 71ms (Views: 58.0ms | ActiveRecord: 35.0ms)


Started POST "/posts/4/comments/2" for 127.0.0.1 at 2011-02-21 18:02:44 +0900
  Processing by CommentsController#destroy as HTML
  Parameters: {"authenticity_token"=>"RkKVi9SsdFAqENMoKKYPS3qJjhXybZzRlui7ZFC4wUk=", "post_id"=>"4", "id"=>"2"}
  [1m[36mPost Load (0.0ms)[0m  [1mSELECT `posts`.* FROM `posts` WHERE `posts`.`id` = 4 LIMIT 1[0m
  [1m[35mSQL (0.0ms)[0m  SHOW TABLES
  [1m[36mComment Load (1.0ms)[0m  [1mSELECT `comments`.* FROM `comments` WHERE `comments`.`id` = 2 AND (`comments`.post_id = 4) LIMIT 1[0m
  [1m[35mSQL (0.0ms)[0m  BEGIN
  [1m[36mAREL (0.0ms)[0m  [1mDELETE FROM `comments` WHERE `comments`.`id` = 2[0m
  [1m[35mSQL (28.0ms)[0m  COMMIT
Redirected to http://localhost:3000/posts/4
Completed 302 Found in 66ms


Started GET "/posts/4" for 127.0.0.1 at 2011-02-21 18:02:44 +0900
  Processing by PostsController#show as HTML
  Parameters: {"id"=>"4"}
  [1m[36mPost Load (0.0ms)[0m  [1mSELECT `posts`.* FROM `posts` WHERE `posts`.`id` = 4 LIMIT 1[0m
  [1m[35mComment Load (0.0ms)[0m  SELECT `comments`.* FROM `comments` WHERE (`comments`.post_id = 4)
  [1m[36mCACHE (0.0ms)[0m  [1mSELECT `posts`.* FROM `posts` WHERE `posts`.`id` = 4 LIMIT 1[0m
  [1m[35mCACHE (0.0ms)[0m  SELECT `posts`.* FROM `posts` WHERE `posts`.`id` = 4 LIMIT 1
Rendered comments/_comment.html.erb (12.0ms)
Rendered comments/_form.html.erb (2.0ms)
Rendered posts/show.html.erb within layouts/application (55.0ms)
Completed 200 OK in 87ms (Views: 71.0ms | ActiveRecord: 29.0ms)


Started POST "/posts/4/comments/3" for 127.0.0.1 at 2011-02-21 18:02:46 +0900
  Processing by CommentsController#destroy as HTML
  Parameters: {"authenticity_token"=>"RkKVi9SsdFAqENMoKKYPS3qJjhXybZzRlui7ZFC4wUk=", "post_id"=>"4", "id"=>"3"}
  [1m[36mPost Load (0.0ms)[0m  [1mSELECT `posts`.* FROM `posts` WHERE `posts`.`id` = 4 LIMIT 1[0m
  [1m[35mSQL (0.0ms)[0m  SHOW TABLES
  [1m[36mComment Load (0.0ms)[0m  [1mSELECT `comments`.* FROM `comments` WHERE `comments`.`id` = 3 AND (`comments`.post_id = 4) LIMIT 1[0m
  [1m[35mSQL (0.0ms)[0m  BEGIN
  [1m[36mAREL (0.0ms)[0m  [1mDELETE FROM `comments` WHERE `comments`.`id` = 3[0m
  [1m[35mSQL (50.0ms)[0m  COMMIT
Redirected to http://localhost:3000/posts/4
Completed 302 Found in 102ms


Started GET "/posts/4" for 127.0.0.1 at 2011-02-21 18:02:46 +0900
  Processing by PostsController#show as HTML
  Parameters: {"id"=>"4"}
  [1m[36mPost Load (1.0ms)[0m  [1mSELECT `posts`.* FROM `posts` WHERE `posts`.`id` = 4 LIMIT 1[0m
  [1m[35mComment Load (1.0ms)[0m  SELECT `comments`.* FROM `comments` WHERE (`comments`.post_id = 4)
  [1m[36mCACHE (0.0ms)[0m  [1mSELECT `posts`.* FROM `posts` WHERE `posts`.`id` = 4 LIMIT 1[0m
Rendered comments/_comment.html.erb (12.0ms)
Rendered comments/_form.html.erb (3.0ms)
Rendered posts/show.html.erb within layouts/application (44.0ms)
Completed 200 OK in 87ms (Views: 59.0ms | ActiveRecord: 52.0ms)


Started GET "/posts" for 127.0.0.1 at 2011-02-21 18:03:46 +0900
  Processing by PostsController#index as HTML
  [1m[35mPost Load (0.0ms)[0m  SELECT `posts`.* FROM `posts`
Rendered posts/index.html.erb within layouts/application (9.0ms)
Completed 200 OK in 36ms (Views: 22.0ms | ActiveRecord: 0.0ms)


Started POST "/posts/4" for 127.0.0.1 at 2011-02-21 18:03:48 +0900
  Processing by PostsController#destroy as HTML
  Parameters: {"authenticity_token"=>"RkKVi9SsdFAqENMoKKYPS3qJjhXybZzRlui7ZFC4wUk=", "id"=>"4"}
  [1m[36mPost Load (0.0ms)[0m  [1mSELECT `posts`.* FROM `posts` WHERE `posts`.`id` = 4 LIMIT 1[0m
  [1m[35mSQL (0.0ms)[0m  BEGIN
  [1m[36mComment Load (0.0ms)[0m  [1mSELECT `comments`.* FROM `comments` WHERE (`comments`.post_id = 4)[0m
  [1m[35mSQL (1.0ms)[0m  SHOW TABLES
  [1m[36mAREL (0.0ms)[0m  [1mDELETE FROM `comments` WHERE `comments`.`id` = 4[0m
  [1m[35mAREL (1.0ms)[0m  DELETE FROM `posts` WHERE `posts`.`id` = 4
  [1m[36mSQL (29.0ms)[0m  [1mCOMMIT[0m
Redirected to http://localhost:3000/posts
Completed 302 Found in 70ms


Started GET "/posts" for 127.0.0.1 at 2011-02-21 18:03:48 +0900
  Processing by PostsController#index as HTML
  [1m[35mPost Load (0.0ms)[0m  SELECT `posts`.* FROM `posts`
Rendered posts/index.html.erb within layouts/application (8.0ms)
Completed 200 OK in 56ms (Views: 23.0ms | ActiveRecord: 31.0ms)


Started GET "/posts/new" for 127.0.0.1 at 2011-02-21 18:13:29 +0900
  Processing by PostsController#new as HTML
Rendered posts/_form.html.erb (6.0ms)
Rendered posts/new.html.erb within layouts/application (11.0ms)
Completed 200 OK in 51ms (Views: 26.0ms | ActiveRecord: 0.0ms)


Started POST "/posts" for 127.0.0.1 at 2011-02-21 18:13:33 +0900
  Processing by PostsController#create as HTML
  Parameters: {"utf8"=>"✓", "authenticity_token"=>"RkKVi9SsdFAqENMoKKYPS3qJjhXybZzRlui7ZFC4wUk=", "post"=>{"name"=>"ss", "title"=>"sss", "content"=>"sss"}, "commit"=>"Create Post"}
  [1m[36mSQL (1.0ms)[0m  [1mBEGIN[0m
  [1m[35mSQL (0.0ms)[0m  ROLLBACK
Rendered posts/_form.html.erb (3.0ms)
Rendered posts/new.html.erb within layouts/application (9.0ms)
Completed 200 OK in 40ms (Views: 22.0ms | ActiveRecord: 1.0ms)


Started POST "/posts" for 127.0.0.1 at 2011-02-21 18:13:37 +0900
  Processing by PostsController#create as HTML
  Parameters: {"utf8"=>"✓", "authenticity_token"=>"RkKVi9SsdFAqENMoKKYPS3qJjhXybZzRlui7ZFC4wUk=", "post"=>{"name"=>"ss", "title"=>"sssss", "content"=>"sssssssss"}, "commit"=>"Create Post"}
  [1m[36mSQL (0.0ms)[0m  [1mBEGIN[0m
  [1m[35mSQL (2.0ms)[0m  describe `posts`
  [1m[36mAREL (1.0ms)[0m  [1mINSERT INTO `posts` (`name`, `title`, `content`, `created_at`, `updated_at`) VALUES ('ss', 'sssss', 'sssssssss', '2011-02-21 09:13:37', '2011-02-21 09:13:37')[0m
  [1m[35mSQL (31.0ms)[0m  COMMIT
Redirected to http://localhost:3000/posts/5
Completed 302 Found in 55ms


Started GET "/posts/5" for 127.0.0.1 at 2011-02-21 18:13:37 +0900
  Processing by PostsController#show as HTML
  Parameters: {"id"=>"5"}
  [1m[36mPost Load (0.0ms)[0m  [1mSELECT `posts`.* FROM `posts` WHERE `posts`.`id` = 5 LIMIT 1[0m
  [1m[35mComment Load (1.0ms)[0m  SELECT `comments`.* FROM `comments` WHERE (`comments`.post_id = 5)
Rendered comments/_comment.html.erb (0.0ms)
Rendered comments/_form.html.erb (19.0ms)
Rendered posts/show.html.erb within layouts/application (49.0ms)
Completed 200 OK in 77ms (Views: 61.0ms | ActiveRecord: 35.0ms)


Started GET "/posts" for 127.0.0.1 at 2011-02-21 18:13:40 +0900
  Processing by PostsController#index as HTML
  [1m[36mPost Load (0.0ms)[0m  [1mSELECT `posts`.* FROM `posts`[0m
Rendered posts/index.html.erb within layouts/application (10.0ms)
Completed 200 OK in 36ms (Views: 23.0ms | ActiveRecord: 0.0ms)


Started POST "/posts/2" for 127.0.0.1 at 2011-02-21 18:13:43 +0900
  Processing by PostsController#destroy as HTML
  Parameters: {"authenticity_token"=>"RkKVi9SsdFAqENMoKKYPS3qJjhXybZzRlui7ZFC4wUk=", "id"=>"2"}
  [1m[35mPost Load (0.0ms)[0m  SELECT `posts`.* FROM `posts` WHERE `posts`.`id` = 2 LIMIT 1
  [1m[36mSQL (0.0ms)[0m  [1mBEGIN[0m
  [1m[35mComment Load (0.0ms)[0m  SELECT `comments`.* FROM `comments` WHERE (`comments`.post_id = 2)
  [1m[36mAREL (0.0ms)[0m  [1mDELETE FROM `posts` WHERE `posts`.`id` = 2[0m
  [1m[35mSQL (35.0ms)[0m  COMMIT
Redirected to http://localhost:3000/posts
Completed 302 Found in 66ms


Started GET "/posts" for 127.0.0.1 at 2011-02-21 18:13:44 +0900
  Processing by PostsController#index as HTML
  [1m[36mPost Load (1.0ms)[0m  [1mSELECT `posts`.* FROM `posts`[0m
Rendered posts/index.html.erb within layouts/application (11.0ms)
Completed 200 OK in 51ms (Views: 29.0ms | ActiveRecord: 36.0ms)


Started GET "/posts/5" for 127.0.0.1 at 2011-02-21 18:13:46 +0900
  Processing by PostsController#show as HTML
  Parameters: {"id"=>"5"}
  [1m[35mPost Load (0.0ms)[0m  SELECT `posts`.* FROM `posts` WHERE `posts`.`id` = 5 LIMIT 1
  [1m[36mComment Load (0.0ms)[0m  [1mSELECT `comments`.* FROM `comments` WHERE (`comments`.post_id = 5)[0m
Rendered comments/_comment.html.erb (0.0ms)
Rendered comments/_form.html.erb (7.0ms)
Rendered posts/show.html.erb within layouts/application (36.0ms)
Completed 200 OK in 64ms (Views: 49.0ms | ActiveRecord: 0.0ms)


Started POST "/posts/5/comments" for 127.0.0.1 at 2011-02-21 18:13:49 +0900
  Processing by CommentsController#create as HTML
  Parameters: {"utf8"=>"✓", "authenticity_token"=>"RkKVi9SsdFAqENMoKKYPS3qJjhXybZzRlui7ZFC4wUk=", "comment"=>{"commenter"=>"ss", "body"=>"ssssss"}, "commit"=>"Create Comment", "post_id"=>"5"}
  [1m[35mPost Load (0.0ms)[0m  SELECT `posts`.* FROM `posts` WHERE `posts`.`id` = 5 LIMIT 1
  [1m[36mSQL (0.0ms)[0m  [1mBEGIN[0m
  [1m[35mSQL (1.0ms)[0m  SHOW TABLES
  [1m[36mSQL (2.0ms)[0m  [1mdescribe `comments`[0m
  [1m[35mAREL (0.0ms)[0m  INSERT INTO `comments` (`commenter`, `body`, `post_id`, `created_at`, `updated_at`) VALUES ('ss', 'ssssss', 5, '2011-02-21 09:13:49', '2011-02-21 09:13:49')
  [1m[36mSQL (34.0ms)[0m  [1mCOMMIT[0m
Redirected to http://localhost:3000/posts/5
Completed 302 Found in 74ms


Started GET "/posts/5" for 127.0.0.1 at 2011-02-21 18:13:49 +0900
  Processing by PostsController#show as HTML
  Parameters: {"id"=>"5"}
  [1m[35mPost Load (1.0ms)[0m  SELECT `posts`.* FROM `posts` WHERE `posts`.`id` = 5 LIMIT 1
  [1m[36mComment Load (0.0ms)[0m  [1mSELECT `comments`.* FROM `comments` WHERE (`comments`.post_id = 5)[0m
  [1m[35mCACHE (0.0ms)[0m  SELECT `posts`.* FROM `posts` WHERE `posts`.`id` = 5 LIMIT 1
Rendered comments/_comment.html.erb (12.0ms)
Rendered comments/_form.html.erb (3.0ms)
Rendered posts/show.html.erb within layouts/application (57.0ms)
Completed 200 OK in 88ms (Views: 72.0ms | ActiveRecord: 38.0ms)


Started POST "/posts/5/comments/5" for 127.0.0.1 at 2011-02-21 18:13:51 +0900
  Processing by CommentsController#destroy as HTML
  Parameters: {"authenticity_token"=>"RkKVi9SsdFAqENMoKKYPS3qJjhXybZzRlui7ZFC4wUk=", "post_id"=>"5", "id"=>"5"}
  [1m[36mPost Load (0.0ms)[0m  [1mSELECT `posts`.* FROM `posts` WHERE `posts`.`id` = 5 LIMIT 1[0m
  [1m[35mSQL (1.0ms)[0m  SHOW TABLES
  [1m[36mComment Load (0.0ms)[0m  [1mSELECT `comments`.* FROM `comments` WHERE `comments`.`id` = 5 AND (`comments`.post_id = 5) LIMIT 1[0m
  [1m[35mSQL (0.0ms)[0m  BEGIN
  [1m[36mAREL (1.0ms)[0m  [1mDELETE FROM `comments` WHERE `comments`.`id` = 5[0m
  [1m[35mSQL (63.0ms)[0m  COMMIT
Redirected to http://localhost:3000/posts/5
Completed 302 Found in 116ms


Started GET "/posts/5" for 127.0.0.1 at 2011-02-21 18:13:52 +0900
  Processing by PostsController#show as HTML
  Parameters: {"id"=>"5"}
  [1m[36mPost Load (0.0ms)[0m  [1mSELECT `posts`.* FROM `posts` WHERE `posts`.`id` = 5 LIMIT 1[0m
  [1m[35mComment Load (0.0ms)[0m  SELECT `comments`.* FROM `comments` WHERE (`comments`.post_id = 5)
Rendered comments/_comment.html.erb (0.0ms)
Rendered comments/_form.html.erb (8.0ms)
Rendered posts/show.html.erb within layouts/application (36.0ms)
Completed 200 OK in 65ms (Views: 49.0ms | ActiveRecord: 65.0ms)


Started POST "/posts/5/comments" for 127.0.0.1 at 2011-02-21 18:13:54 +0900
  Processing by CommentsController#create as HTML
  Parameters: {"utf8"=>"✓", "authenticity_token"=>"RkKVi9SsdFAqENMoKKYPS3qJjhXybZzRlui7ZFC4wUk=", "comment"=>{"commenter"=>"s", "body"=>"sssss"}, "commit"=>"Create Comment", "post_id"=>"5"}
  [1m[36mPost Load (0.0ms)[0m  [1mSELECT `posts`.* FROM `posts` WHERE `posts`.`id` = 5 LIMIT 1[0m
  [1m[35mSQL (0.0ms)[0m  BEGIN
  [1m[36mSQL (0.0ms)[0m  [1mSHOW TABLES[0m
  [1m[35mSQL (2.0ms)[0m  describe `comments`
  [1m[36mAREL (1.0ms)[0m  [1mINSERT INTO `comments` (`commenter`, `body`, `post_id`, `created_at`, `updated_at`) VALUES ('s', 'sssss', 5, '2011-02-21 09:13:54', '2011-02-21 09:13:54')[0m
  [1m[35mSQL (35.0ms)[0m  COMMIT
Redirected to http://localhost:3000/posts/5
Completed 302 Found in 78ms


Started GET "/posts/5" for 127.0.0.1 at 2011-02-21 18:13:54 +0900
  Processing by PostsController#show as HTML
  Parameters: {"id"=>"5"}
  [1m[36mPost Load (0.0ms)[0m  [1mSELECT `posts`.* FROM `posts` WHERE `posts`.`id` = 5 LIMIT 1[0m
  [1m[35mComment Load (0.0ms)[0m  SELECT `comments`.* FROM `comments` WHERE (`comments`.post_id = 5)
  [1m[36mCACHE (0.0ms)[0m  [1mSELECT `posts`.* FROM `posts` WHERE `posts`.`id` = 5 LIMIT 1[0m
Rendered comments/_comment.html.erb (11.0ms)
Rendered comments/_form.html.erb (2.0ms)
Rendered posts/show.html.erb within layouts/application (44.0ms)
Completed 200 OK in 88ms (Views: 58.0ms | ActiveRecord: 38.0ms)


Started GET "/posts/5" for 127.0.0.1 at 2011-02-22 14:31:57 +0900
  Processing by PostsController#show as HTML
  Parameters: {"id"=>"5"}
  [1m[36mSQL (1.0ms)[0m  [1mSHOW TABLES[0m
  [1m[35mPost Load (0.0ms)[0m  SELECT `posts`.* FROM `posts` WHERE `posts`.`id` = 5 LIMIT 1
  [1m[36mComment Load (1.0ms)[0m  [1mSELECT `comments`.* FROM `comments` WHERE (`comments`.post_id = 5)[0m
  [1m[35mCACHE (0.0ms)[0m  SELECT `posts`.* FROM `posts` WHERE `posts`.`id` = 5 LIMIT 1
Rendered comments/_comment.html.erb (12.0ms)
Rendered comments/_form.html.erb (39.0ms)
Rendered posts/show.html.erb within layouts/application (140.0ms)
Completed 200 OK in 426ms (Views: 164.0ms | ActiveRecord: 2.0ms)


Started GET "/" for 127.0.0.1 at 2011-02-22 14:32:02 +0900
  Processing by HomeController#index as HTML
Rendered home/index.html.erb within layouts/application (3.0ms)
Completed 200 OK in 29ms (Views: 28.0ms | ActiveRecord: 0.0ms)


Started GET "/posts" for 127.0.0.1 at 2011-02-22 14:36:33 +0900
  Processing by PostsController#index as HTML
  [1m[36mPost Load (0.0ms)[0m  [1mSELECT `posts`.* FROM `posts`[0m
Rendered posts/index.html.erb within layouts/application (8.0ms)
Completed 200 OK in 33ms (Views: 22.0ms | ActiveRecord: 0.0ms)


Started GET "/posts/new" for 127.0.0.1 at 2011-02-22 14:36:34 +0900
  Processing by PostsController#new as HTML
Completed 401 Unauthorized in 1ms


Started GET "/posts/new" for 127.0.0.1 at 2011-02-22 14:36:44 +0900
  Processing by PostsController#new as HTML
Completed 401 Unauthorized in 0ms


Started GET "/posts/new" for 127.0.0.1 at 2011-02-22 14:36:49 +0900
  Processing by PostsController#new as HTML
Rendered posts/_form.html.erb (5.0ms)
Rendered posts/new.html.erb within layouts/application (12.0ms)
Completed 200 OK in 38ms (Views: 25.0ms | ActiveRecord: 0.0ms)


Started POST "/posts" for 127.0.0.1 at 2011-02-22 14:36:57 +0900
  Processing by PostsController#create as HTML
  Parameters: {"utf8"=>"✓", "authenticity_token"=>"/+G1/4J2IE3Fx8CAnY29StrCNdYzHgYZSYavPqLgv/w=", "post"=>{"name"=>"t", "title"=>"tt", "content"=>"ttt"}, "commit"=>"Create Post"}
Completed 401 Unauthorized in 1ms


Started POST "/posts" for 127.0.0.1 at 2011-02-22 14:36:57 +0900
  Processing by PostsController#create as HTML
  Parameters: {"utf8"=>"✓", "authenticity_token"=>"/+G1/4J2IE3Fx8CAnY29StrCNdYzHgYZSYavPqLgv/w=", "post"=>{"name"=>"t", "title"=>"tt", "content"=>"ttt"}, "commit"=>"Create Post"}
  [1m[35mSQL (0.0ms)[0m  BEGIN
  [1m[36mSQL (1.0ms)[0m  [1mROLLBACK[0m
Rendered posts/_form.html.erb (4.0ms)
Rendered posts/new.html.erb within layouts/application (9.0ms)
Completed 200 OK in 40ms (Views: 22.0ms | ActiveRecord: 1.0ms)


Started POST "/posts" for 127.0.0.1 at 2011-02-22 14:37:01 +0900
  Processing by PostsController#create as HTML
  Parameters: {"utf8"=>"✓", "authenticity_token"=>"/+G1/4J2IE3Fx8CAnY29StrCNdYzHgYZSYavPqLgv/w=", "post"=>{"name"=>"t", "title"=>"tttttt", "content"=>"tttttttt"}, "commit"=>"Create Post"}
  [1m[35mSQL (0.0ms)[0m  BEGIN
  [1m[36mSQL (3.0ms)[0m  [1mdescribe `posts`[0m
  [1m[35mAREL (1.0ms)[0m  INSERT INTO `posts` (`name`, `title`, `content`, `created_at`, `updated_at`) VALUES ('t', 'tttttt', 'tttttttt', '2011-02-22 05:37:01', '2011-02-22 05:37:01')
  [1m[36mSQL (25.0ms)[0m  [1mCOMMIT[0m
Redirected to http://localhost:3000/posts/6
Completed 302 Found in 74ms


Started GET "/posts/6" for 127.0.0.1 at 2011-02-22 14:37:01 +0900
  Processing by PostsController#show as HTML
  Parameters: {"id"=>"6"}
  [1m[35mPost Load (0.0ms)[0m  SELECT `posts`.* FROM `posts` WHERE `posts`.`id` = 6 LIMIT 1
  [1m[36mComment Load (0.0ms)[0m  [1mSELECT `comments`.* FROM `comments` WHERE (`comments`.post_id = 6)[0m
Rendered comments/_comment.html.erb (0.0ms)
Rendered comments/_form.html.erb (7.0ms)
Rendered posts/show.html.erb within layouts/application (36.0ms)
Completed 200 OK in 63ms (Views: 50.0ms | ActiveRecord: 29.0ms)


Started POST "/posts/6/comments" for 127.0.0.1 at 2011-02-22 14:37:05 +0900
  Processing by CommentsController#create as HTML
  Parameters: {"utf8"=>"✓", "authenticity_token"=>"/+G1/4J2IE3Fx8CAnY29StrCNdYzHgYZSYavPqLgv/w=", "comment"=>{"commenter"=>"a", "body"=>"aaaaa"}, "commit"=>"Create Comment", "post_id"=>"6"}
  [1m[35mPost Load (0.0ms)[0m  SELECT `posts`.* FROM `posts` WHERE `posts`.`id` = 6 LIMIT 1
  [1m[36mSQL (0.0ms)[0m  [1mBEGIN[0m
  [1m[35mSQL (2.0ms)[0m  describe `comments`
  [1m[36mAREL (1.0ms)[0m  [1mINSERT INTO `comments` (`commenter`, `body`, `post_id`, `created_at`, `updated_at`) VALUES ('a', 'aaaaa', 6, '2011-02-22 05:37:05', '2011-02-22 05:37:05')[0m
  [1m[35mSQL (53.0ms)[0m  COMMIT
Redirected to http://localhost:3000/posts/6
Completed 302 Found in 101ms


Started GET "/posts/6" for 127.0.0.1 at 2011-02-22 14:37:05 +0900
  Processing by PostsController#show as HTML
  Parameters: {"id"=>"6"}
  [1m[36mPost Load (0.0ms)[0m  [1mSELECT `posts`.* FROM `posts` WHERE `posts`.`id` = 6 LIMIT 1[0m
  [1m[35mComment Load (1.0ms)[0m  SELECT `comments`.* FROM `comments` WHERE (`comments`.post_id = 6)
  [1m[36mCACHE (0.0ms)[0m  [1mSELECT `posts`.* FROM `posts` WHERE `posts`.`id` = 6 LIMIT 1[0m
Rendered comments/_comment.html.erb (12.0ms)
Rendered comments/_form.html.erb (3.0ms)
Rendered posts/show.html.erb within layouts/application (42.0ms)
Completed 200 OK in 122ms (Views: 68.0ms | ActiveRecord: 57.0ms)


Started GET "/posts" for 127.0.0.1 at 2011-02-22 14:37:07 +0900
  Processing by PostsController#index as HTML
  [1m[35mPost Load (40.0ms)[0m  SELECT `posts`.* FROM `posts`
Rendered posts/index.html.erb within layouts/application (12.0ms)
Completed 200 OK in 100ms (Views: 29.0ms | ActiveRecord: 40.0ms)
  [1m[36mSQL (0.0ms)[0m  [1mSHOW TABLES[0m
  [1m[35mSQL (0.0ms)[0m  SHOW TABLES
  [1m[36mSQL (0.0ms)[0m  [1mSELECT `schema_migrations`.`version` FROM `schema_migrations`[0m
Migrating to CreatePosts (20110216031427)
Migrating to CreateComments (20110221065331)
Migrating to CreateTags (20110222054010)
  [1m[35mSQL (100.0ms)[0m  CREATE TABLE `tags` (`id` int(11) DEFAULT NULL auto_increment PRIMARY KEY, `name` varchar(255), `post_id` int(11), `created_at` datetime, `updated_at` datetime) ENGINE=InnoDB
  [1m[36mSQL (60.0ms)[0m  [1mINSERT INTO `schema_migrations` (`version`) VALUES ('20110222054010')[0m
  [1m[35mSQL (0.0ms)[0m  SHOW TABLES
  [1m[36mSQL (10.0ms)[0m  [1mSELECT `schema_migrations`.`version` FROM `schema_migrations`[0m
  [1m[35mSQL (0.0ms)[0m  SHOW TABLES
  [1m[36mSQL (0.0ms)[0m  [1mdescribe `comments`[0m
  [1m[35mSQL (0.0ms)[0m  SHOW KEYS FROM `comments`
  [1m[36mSQL (0.0ms)[0m  [1mdescribe `posts`[0m
  [1m[35mSQL (10.0ms)[0m  SHOW KEYS FROM `posts`
  [1m[36mSQL (0.0ms)[0m  [1mdescribe `tags`[0m
  [1m[35mSQL (0.0ms)[0m  SHOW KEYS FROM `tags`


Started GET "/posts" for 127.0.0.1 at 2011-02-22 14:51:48 +0900
  Processing by PostsController#index as HTML
  [1m[36mPost Load (0.0ms)[0m  [1mSELECT `posts`.* FROM `posts`[0m
Rendered posts/index.html.erb within layouts/application (9.0ms)
Completed 200 OK in 36ms (Views: 22.0ms | ActiveRecord: 0.0ms)


Started GET "/posts/new" for 127.0.0.1 at 2011-02-22 14:51:50 +0900
  Processing by PostsController#new as HTML
Rendered posts/_form.html.erb (101.0ms)
Rendered posts/new.html.erb within layouts/application (108.0ms)
Completed   in 162ms

ActionView::Template::Error (undefined local variable or method `post_form' for #<#<Class:0x4b0de90>:0x4b0c6c0>):
    25:   </div>
    26:   <h2>Tags</h2>
    27:   <%= render :partial => 'tags/form',
    28:              :locals => {:form => post_form} %>
    29:   <div class="actions">
    30:     <%= f.submit %>
    31:   </div>
  app/views/posts/_form.html.erb:28:in `block in _app_views_posts__form_html_erb___578920719_39337680__514465430'
  app/views/posts/_form.html.erb:1:in `_app_views_posts__form_html_erb___578920719_39337680__514465430'
  app/views/posts/new.html.erb:3:in `_app_views_posts_new_html_erb___32427828_39344928_516253899'
  app/controllers/posts_controller.rb:32:in `new'

Rendered C:/Ruby192/lib/ruby/gems/1.9.1/gems/actionpack-3.0.4/lib/action_dispatch/middleware/templates/rescues/_trace.erb (2.0ms)
Rendered C:/Ruby192/lib/ruby/gems/1.9.1/gems/actionpack-3.0.4/lib/action_dispatch/middleware/templates/rescues/_request_and_response.erb (3.0ms)
Rendered C:/Ruby192/lib/ruby/gems/1.9.1/gems/actionpack-3.0.4/lib/action_dispatch/middleware/templates/rescues/template_error.erb within rescues/layout (23.0ms)


Started GET "/posts/new" for 127.0.0.1 at 2011-02-22 14:54:49 +0900
  Processing by PostsController#new as HTML
Rendered tags/_form.html.erb (16.0ms)
Rendered posts/_form.html.erb (26.0ms)
Rendered posts/new.html.erb within layouts/application (32.0ms)
Completed 200 OK in 60ms (Views: 45.0ms | ActiveRecord: 0.0ms)


Started POST "/posts" for 127.0.0.1 at 2011-02-22 14:55:00 +0900
  Processing by PostsController#create as HTML
  Parameters: {"utf8"=>"✓", "authenticity_token"=>"/+G1/4J2IE3Fx8CAnY29StrCNdYzHgYZSYavPqLgv/w=", "post"=>{"name"=>"n", "title"=>"nnnnn", "content"=>"nnnn"}, "commit"=>"Create Post"}
  [1m[35mSQL (0.0ms)[0m  BEGIN
  [1m[36mSQL (2.0ms)[0m  [1mdescribe `posts`[0m
  [1m[35mAREL (1.0ms)[0m  INSERT INTO `posts` (`name`, `title`, `content`, `created_at`, `updated_at`) VALUES ('n', 'nnnnn', 'nnnn', '2011-02-22 05:55:00', '2011-02-22 05:55:00')
  [1m[36mSQL (30.0ms)[0m  [1mCOMMIT[0m
Redirected to http://localhost:3000/posts/7
Completed 302 Found in 59ms


Started GET "/posts/7" for 127.0.0.1 at 2011-02-22 14:55:00 +0900
  Processing by PostsController#show as HTML
  Parameters: {"id"=>"7"}
  [1m[35mPost Load (0.0ms)[0m  SELECT `posts`.* FROM `posts` WHERE `posts`.`id` = 7 LIMIT 1
  [1m[36mTag Load (0.0ms)[0m  [1mSELECT `tags`.* FROM `tags` WHERE (`tags`.post_id = 7)[0m
  [1m[35mComment Load (0.0ms)[0m  SELECT `comments`.* FROM `comments` WHERE (`comments`.post_id = 7)
Rendered comments/_comment.html.erb (0.0ms)
Rendered comments/_form.html.erb (7.0ms)
Rendered posts/show.html.erb within layouts/application (49.0ms)
Completed 200 OK in 79ms (Views: 63.0ms | ActiveRecord: 33.0ms)


Started POST "/posts/7/comments" for 127.0.0.1 at 2011-02-22 14:55:07 +0900
  Processing by CommentsController#create as HTML
  Parameters: {"utf8"=>"✓", "authenticity_token"=>"/+G1/4J2IE3Fx8CAnY29StrCNdYzHgYZSYavPqLgv/w=", "comment"=>{"commenter"=>"s", "body"=>"sss"}, "commit"=>"Create Comment", "post_id"=>"7"}
  [1m[36mPost Load (1.0ms)[0m  [1mSELECT `posts`.* FROM `posts` WHERE `posts`.`id` = 7 LIMIT 1[0m
  [1m[35mSQL (0.0ms)[0m  BEGIN
  [1m[36mSQL (2.0ms)[0m  [1mdescribe `comments`[0m
  [1m[35mAREL (1.0ms)[0m  INSERT INTO `comments` (`commenter`, `body`, `post_id`, `created_at`, `updated_at`) VALUES ('s', 'sss', 7, '2011-02-22 05:55:07', '2011-02-22 05:55:07')
  [1m[36mSQL (30.0ms)[0m  [1mCOMMIT[0m
Redirected to http://localhost:3000/posts/7
Completed 302 Found in 72ms


Started GET "/posts/7" for 127.0.0.1 at 2011-02-22 14:55:07 +0900
  Processing by PostsController#show as HTML
  Parameters: {"id"=>"7"}
  [1m[35mPost Load (0.0ms)[0m  SELECT `posts`.* FROM `posts` WHERE `posts`.`id` = 7 LIMIT 1
  [1m[36mTag Load (0.0ms)[0m  [1mSELECT `tags`.* FROM `tags` WHERE (`tags`.post_id = 7)[0m
  [1m[35mComment Load (0.0ms)[0m  SELECT `comments`.* FROM `comments` WHERE (`comments`.post_id = 7)
  [1m[36mCACHE (0.0ms)[0m  [1mSELECT `posts`.* FROM `posts` WHERE `posts`.`id` = 7 LIMIT 1[0m
Rendered comments/_comment.html.erb (12.0ms)
Rendered comments/_form.html.erb (3.0ms)
Rendered posts/show.html.erb within layouts/application (57.0ms)
Completed 200 OK in 100ms (Views: 70.0ms | ActiveRecord: 34.0ms)


Started GET "/posts/7" for 127.0.0.1 at 2011-02-22 14:56:32 +0900
  Processing by PostsController#show as HTML
  Parameters: {"id"=>"7"}
  [1m[35mPost Load (0.0ms)[0m  SELECT `posts`.* FROM `posts` WHERE `posts`.`id` = 7 LIMIT 1
  [1m[36mTag Load (0.0ms)[0m  [1mSELECT `tags`.* FROM `tags` WHERE (`tags`.post_id = 7)[0m
  [1m[35mComment Load (1.0ms)[0m  SELECT `comments`.* FROM `comments` WHERE (`comments`.post_id = 7)
  [1m[36mCACHE (0.0ms)[0m  [1mSELECT `posts`.* FROM `posts` WHERE `posts`.`id` = 7 LIMIT 1[0m
Rendered comments/_comment.html.erb (12.0ms)
Rendered comments/_form.html.erb (3.0ms)
Rendered posts/show.html.erb within layouts/application (72.0ms)
Completed 200 OK in 102ms (Views: 84.0ms | ActiveRecord: 1.0ms)


Started GET "/posts" for 127.0.0.1 at 2011-02-22 14:56:37 +0900
  Processing by PostsController#index as HTML
  [1m[35mPost Load (1.0ms)[0m  SELECT `posts`.* FROM `posts`
Rendered posts/index.html.erb within layouts/application (13.0ms)
Completed 200 OK in 49ms (Views: 29.0ms | ActiveRecord: 1.0ms)


Started GET "/posts/7" for 127.0.0.1 at 2011-02-22 14:56:39 +0900
  Processing by PostsController#show as HTML
  Parameters: {"id"=>"7"}
  [1m[36mPost Load (1.0ms)[0m  [1mSELECT `posts`.* FROM `posts` WHERE `posts`.`id` = 7 LIMIT 1[0m
  [1m[35mTag Load (0.0ms)[0m  SELECT `tags`.* FROM `tags` WHERE (`tags`.post_id = 7)
  [1m[36mComment Load (0.0ms)[0m  [1mSELECT `comments`.* FROM `comments` WHERE (`comments`.post_id = 7)[0m
  [1m[35mCACHE (0.0ms)[0m  SELECT `posts`.* FROM `posts` WHERE `posts`.`id` = 7 LIMIT 1
Rendered comments/_comment.html.erb (15.0ms)
Rendered comments/_form.html.erb (2.0ms)
Rendered posts/show.html.erb within layouts/application (86.0ms)
Completed 200 OK in 128ms (Views: 105.0ms | ActiveRecord: 1.0ms)


Started GET "/posts/7/edit" for 127.0.0.1 at 2011-02-22 14:56:50 +0900
  Processing by PostsController#edit as HTML
  Parameters: {"id"=>"7"}
  [1m[36mPost Load (1.0ms)[0m  [1mSELECT `posts`.* FROM `posts` WHERE `posts`.`id` = 7 LIMIT 1[0m
  [1m[35mTag Load (1.0ms)[0m  SELECT `tags`.* FROM `tags` WHERE (`tags`.post_id = 7)
Rendered tags/_form.html.erb (22.0ms)
Rendered posts/_form.html.erb (33.0ms)
Rendered posts/edit.html.erb within layouts/application (40.0ms)
Completed 200 OK in 74ms (Views: 54.0ms | ActiveRecord: 2.0ms)


Started POST "/posts/7" for 127.0.0.1 at 2011-02-22 14:56:55 +0900
  Processing by PostsController#update as HTML
  Parameters: {"utf8"=>"✓", "authenticity_token"=>"/+G1/4J2IE3Fx8CAnY29StrCNdYzHgYZSYavPqLgv/w=", "post"=>{"name"=>"n", "title"=>"nnnnn", "content"=>"nnnn", "tags_attributes"=>{"0"=>{"name"=>"tagggg", "_destroy"=>"1", "id"=>"1"}}}, "commit"=>"Update Post", "id"=>"7"}
  [1m[36mPost Load (0.0ms)[0m  [1mSELECT `posts`.* FROM `posts` WHERE `posts`.`id` = 7 LIMIT 1[0m
  [1m[35mSQL (0.0ms)[0m  BEGIN
  [1m[36mSQL (0.0ms)[0m  [1mSHOW TABLES[0m
  [1m[35mTag Load (0.0ms)[0m  SELECT `tags`.* FROM `tags` WHERE `tags`.`id` IN (1) AND (`tags`.post_id = 7)
  [1m[36mAREL (0.0ms)[0m  [1mDELETE FROM `tags` WHERE `tags`.`id` = 1[0m
  [1m[35mTag Load (0.0ms)[0m  SELECT `tags`.* FROM `tags` WHERE (`tags`.post_id = 7)
  [1m[36mSQL (29.0ms)[0m  [1mCOMMIT[0m
Redirected to http://localhost:3000/posts/7
Completed 302 Found in 100ms


Started GET "/posts/7" for 127.0.0.1 at 2011-02-22 14:56:56 +0900
  Processing by PostsController#show as HTML
  Parameters: {"id"=>"7"}
  [1m[35mPost Load (0.0ms)[0m  SELECT `posts`.* FROM `posts` WHERE `posts`.`id` = 7 LIMIT 1
  [1m[36mTag Load (1.0ms)[0m  [1mSELECT `tags`.* FROM `tags` WHERE (`tags`.post_id = 7)[0m
  [1m[35mComment Load (0.0ms)[0m  SELECT `comments`.* FROM `comments` WHERE (`comments`.post_id = 7)
  [1m[36mCACHE (0.0ms)[0m  [1mSELECT `posts`.* FROM `posts` WHERE `posts`.`id` = 7 LIMIT 1[0m
Rendered comments/_comment.html.erb (12.0ms)
Rendered comments/_form.html.erb (3.0ms)
Rendered posts/show.html.erb within layouts/application (57.0ms)
Completed 200 OK in 98ms (Views: 68.0ms | ActiveRecord: 30.0ms)


Started GET "/posts" for 127.0.0.1 at 2011-02-22 14:56:59 +0900
  Processing by PostsController#index as HTML
  [1m[35mPost Load (1.0ms)[0m  SELECT `posts`.* FROM `posts`
Rendered posts/index.html.erb within layouts/application (10.0ms)
Completed 200 OK in 36ms (Views: 23.0ms | ActiveRecord: 1.0ms)


Started GET "/posts/7" for 127.0.0.1 at 2011-02-22 14:57:01 +0900
  Processing by PostsController#show as HTML
  Parameters: {"id"=>"7"}
  [1m[36mPost Load (0.0ms)[0m  [1mSELECT `posts`.* FROM `posts` WHERE `posts`.`id` = 7 LIMIT 1[0m
  [1m[35mTag Load (0.0ms)[0m  SELECT `tags`.* FROM `tags` WHERE (`tags`.post_id = 7)
  [1m[36mComment Load (0.0ms)[0m  [1mSELECT `comments`.* FROM `comments` WHERE (`comments`.post_id = 7)[0m
  [1m[35mCACHE (0.0ms)[0m  SELECT `posts`.* FROM `posts` WHERE `posts`.`id` = 7 LIMIT 1
Rendered comments/_comment.html.erb (12.0ms)
Rendered comments/_form.html.erb (3.0ms)
Rendered posts/show.html.erb within layouts/application (85.0ms)
Completed 200 OK in 126ms (Views: 103.0ms | ActiveRecord: 0.0ms)


Started GET "/index.html" for 127.0.0.1 at 2011-02-22 15:10:40 +0900

ActionController::RoutingError (No route matches "/index.html"):
  

Rendered C:/Ruby192/lib/ruby/gems/1.9.1/gems/actionpack-3.0.4/lib/action_dispatch/middleware/templates/rescues/routing_error.erb within rescues/layout (1.0ms)


Started GET "/guides/index.html" for 127.0.0.1 at 2011-02-22 15:10:43 +0900

ActionController::RoutingError (No route matches "/guides/index.html"):
  

Rendered C:/Ruby192/lib/ruby/gems/1.9.1/gems/actionpack-3.0.4/lib/action_dispatch/middleware/templates/rescues/routing_error.erb within rescues/layout (1.0ms)


Started GET "/doc/guides/index.html" for 127.0.0.1 at 2011-02-22 15:10:58 +0900

ActionController::RoutingError (No route matches "/doc/guides/index.html"):
  

Rendered C:/Ruby192/lib/ruby/gems/1.9.1/gems/actionpack-3.0.4/lib/action_dispatch/middleware/templates/rescues/routing_error.erb within rescues/layout (1.0ms)


Started GET "/doc/guides/index.html" for 127.0.0.1 at 2011-02-22 15:11:01 +0900

ActionController::RoutingError (No route matches "/doc/guides/index.html"):
  

Rendered C:/Ruby192/lib/ruby/gems/1.9.1/gems/actionpack-3.0.4/lib/action_dispatch/middleware/templates/rescues/routing_error.erb within rescues/layout (0.0ms)


Started GET "/doc/guides/index.html" for 127.0.0.1 at 2011-02-22 15:11:01 +0900

ActionController::RoutingError (No route matches "/doc/guides/index.html"):
  

Rendered C:/Ruby192/lib/ruby/gems/1.9.1/gems/actionpack-3.0.4/lib/action_dispatch/middleware/templates/rescues/routing_error.erb within rescues/layout (1.0ms)


Started GET "/doc/guides/index.html" for 127.0.0.1 at 2011-02-22 15:11:02 +0900

ActionController::RoutingError (No route matches "/doc/guides/index.html"):
  

Rendered C:/Ruby192/lib/ruby/gems/1.9.1/gems/actionpack-3.0.4/lib/action_dispatch/middleware/templates/rescues/routing_error.erb within rescues/layout (1.0ms)


Started GET "/doc/guides/index.html" for 127.0.0.1 at 2011-02-22 15:11:02 +0900

ActionController::RoutingError (No route matches "/doc/guides/index.html"):
  

Rendered C:/Ruby192/lib/ruby/gems/1.9.1/gems/actionpack-3.0.4/lib/action_dispatch/middleware/templates/rescues/routing_error.erb within rescues/layout (0.0ms)


Started GET "/doc/guides/index.html" for 127.0.0.1 at 2011-02-22 15:11:02 +0900

ActionController::RoutingError (No route matches "/doc/guides/index.html"):
  

Rendered C:/Ruby192/lib/ruby/gems/1.9.1/gems/actionpack-3.0.4/lib/action_dispatch/middleware/templates/rescues/routing_error.erb within rescues/layout (1.0ms)


Started GET "/doc/guides/index.html" for 127.0.0.1 at 2011-02-22 15:11:03 +0900

ActionController::RoutingError (No route matches "/doc/guides/index.html"):
  

Rendered C:/Ruby192/lib/ruby/gems/1.9.1/gems/actionpack-3.0.4/lib/action_dispatch/middleware/templates/rescues/routing_error.erb within rescues/layout (1.0ms)


Started GET "/doc/guides/index.html" for 127.0.0.1 at 2011-02-22 15:11:03 +0900

ActionController::RoutingError (No route matches "/doc/guides/index.html"):
  

Rendered C:/Ruby192/lib/ruby/gems/1.9.1/gems/actionpack-3.0.4/lib/action_dispatch/middleware/templates/rescues/routing_error.erb within rescues/layout (1.0ms)


Started GET "/doc/guides/index.html" for 127.0.0.1 at 2011-02-22 15:11:04 +0900

ActionController::RoutingError (No route matches "/doc/guides/index.html"):
  

Rendered C:/Ruby192/lib/ruby/gems/1.9.1/gems/actionpack-3.0.4/lib/action_dispatch/middleware/templates/rescues/routing_error.erb within rescues/layout (1.0ms)


Started GET "/doc/guides/index.html" for 127.0.0.1 at 2011-02-22 15:11:04 +0900

ActionController::RoutingError (No route matches "/doc/guides/index.html"):
  

Rendered C:/Ruby192/lib/ruby/gems/1.9.1/gems/actionpack-3.0.4/lib/action_dispatch/middleware/templates/rescues/routing_error.erb within rescues/layout (1.0ms)


Started GET "/doc/guides/index.html" for 127.0.0.1 at 2011-02-22 15:11:04 +0900

ActionController::RoutingError (No route matches "/doc/guides/index.html"):
  

Rendered C:/Ruby192/lib/ruby/gems/1.9.1/gems/actionpack-3.0.4/lib/action_dispatch/middleware/templates/rescues/routing_error.erb within rescues/layout (0.0ms)


Started GET "/doc/guides/index.html" for 127.0.0.1 at 2011-02-22 15:11:05 +0900

ActionController::RoutingError (No route matches "/doc/guides/index.html"):
  

Rendered C:/Ruby192/lib/ruby/gems/1.9.1/gems/actionpack-3.0.4/lib/action_dispatch/middleware/templates/rescues/routing_error.erb within rescues/layout (1.0ms)


Started GET "/doc/guides/index.html" for 127.0.0.1 at 2011-02-22 15:11:06 +0900

ActionController::RoutingError (No route matches "/doc/guides/index.html"):
  

Rendered C:/Ruby192/lib/ruby/gems/1.9.1/gems/actionpack-3.0.4/lib/action_dispatch/middleware/templates/rescues/routing_error.erb within rescues/layout (1.0ms)


Started GET "/doc/guides/index.html" for 127.0.0.1 at 2011-02-22 15:12:02 +0900

ActionController::RoutingError (No route matches "/doc/guides/index.html"):
  

Rendered C:/Ruby192/lib/ruby/gems/1.9.1/gems/actionpack-3.0.4/lib/action_dispatch/middleware/templates/rescues/routing_error.erb within rescues/layout (1.0ms)


Started GET "/doc/guides/index.html" for 127.0.0.1 at 2011-02-22 15:12:02 +0900

ActionController::RoutingError (No route matches "/doc/guides/index.html"):
  

Rendered C:/Ruby192/lib/ruby/gems/1.9.1/gems/actionpack-3.0.4/lib/action_dispatch/middleware/templates/rescues/routing_error.erb within rescues/layout (1.0ms)


Started GET "/doc/guides/index.html" for 127.0.0.1 at 2011-02-22 15:12:03 +0900

ActionController::RoutingError (No route matches "/doc/guides/index.html"):
  

Rendered C:/Ruby192/lib/ruby/gems/1.9.1/gems/actionpack-3.0.4/lib/action_dispatch/middleware/templates/rescues/routing_error.erb within rescues/layout (1.0ms)


Started GET "/" for 127.0.0.1 at 2011-02-22 15:13:46 +0900
  Processing by HomeController#index as HTML
Rendered home/index.html.erb within layouts/application (3.0ms)
Completed 200 OK in 16ms (Views: 16.0ms | ActiveRecord: 0.0ms)
  [1m[36mSQL (10.0ms)[0m  [1m SELECT name
 FROM sqlite_master
 WHERE type = 'table' AND NOT name = 'sqlite_sequence'
[0m
  [1m[35mSQL (0.0ms)[0m  select sqlite_version(*)
  [1m[36mSQL (90.0ms)[0m  [1mCREATE TABLE "schema_migrations" ("version" varchar(255) NOT NULL) [0m
  [1m[35mSQL (0.0ms)[0m  PRAGMA index_list("schema_migrations")
  [1m[36mSQL (70.0ms)[0m  [1mCREATE UNIQUE INDEX "unique_schema_migrations" ON "schema_migrations" ("version")[0m
  [1m[35mSQL (0.0ms)[0m   SELECT name
 FROM sqlite_master
 WHERE type = 'table' AND NOT name = 'sqlite_sequence'
  [1m[36mSQL (0.0ms)[0m  [1m SELECT name
 FROM sqlite_master
 WHERE type = 'table' AND NOT name = 'sqlite_sequence'
[0m
  [1m[35mSQL (0.0ms)[0m  SELECT "schema_migrations"."version" FROM "schema_migrations"
Migrating to CreatePosts (20110216031427)
  [1m[36mSQL (10.0ms)[0m  [1mCREATE TABLE "posts" ("id" INTEGER PRIMARY KEY AUTOINCREMENT NOT NULL, "name" varchar(255), "title" varchar(255), "content" text, "created_at" datetime, "updated_at" datetime) [0m
  [1m[35mSQL (0.0ms)[0m  INSERT INTO "schema_migrations" ("version") VALUES ('20110216031427')
Migrating to CreateComments (20110221065331)
  [1m[36mSQL (0.0ms)[0m  [1mCREATE TABLE "comments" ("id" INTEGER PRIMARY KEY AUTOINCREMENT NOT NULL, "commenter" varchar(255), "body" text, "post_id" integer, "created_at" datetime, "updated_at" datetime) [0m
  [1m[35mSQL (0.0ms)[0m  INSERT INTO "schema_migrations" ("version") VALUES ('20110221065331')
Migrating to CreateTags (20110222054010)
  [1m[36mSQL (0.0ms)[0m  [1mCREATE TABLE "tags" ("id" INTEGER PRIMARY KEY AUTOINCREMENT NOT NULL, "name" varchar(255), "post_id" integer, "created_at" datetime, "updated_at" datetime) [0m
  [1m[35mSQL (0.0ms)[0m  INSERT INTO "schema_migrations" ("version") VALUES ('20110222054010')
  [1m[36mSQL (0.0ms)[0m  [1m SELECT name
 FROM sqlite_master
 WHERE type = 'table' AND NOT name = 'sqlite_sequence'
[0m
  [1m[35mSQL (0.0ms)[0m  SELECT "schema_migrations"."version" FROM "schema_migrations"
  [1m[36mSQL (0.0ms)[0m  [1m SELECT name
 FROM sqlite_master
 WHERE type = 'table' AND NOT name = 'sqlite_sequence'
[0m
  [1m[35mSQL (0.0ms)[0m  PRAGMA index_list("comments")
  [1m[36mSQL (0.0ms)[0m  [1mPRAGMA index_list("posts")[0m
  [1m[35mSQL (0.0ms)[0m  PRAGMA index_list("tags")


Started GET "/" for 127.0.0.1 at 2011-02-22 16:41:31 +0900
  Processing by HomeController#index as HTML
Rendered home/index.html.erb within layouts/application (3.0ms)
Completed 200 OK in 16ms (Views: 16.0ms | ActiveRecord: 0.0ms)


Started GET "/" for 127.0.0.1 at 2011-02-22 16:41:33 +0900
  Processing by HomeController#index as HTML
Rendered home/index.html.erb within layouts/application (2.0ms)
Completed 200 OK in 18ms (Views: 17.0ms | ActiveRecord: 0.0ms)


Started GET "/posts" for 127.0.0.1 at 2011-02-22 16:41:35 +0900
  Processing by PostsController#index as HTML
  [1m[36mPost Load (1.0ms)[0m  [1mSELECT `posts`.* FROM `posts`[0m
Rendered posts/index.html.erb within layouts/application (10.0ms)
Completed 200 OK in 37ms (Views: 23.0ms | ActiveRecord: 1.0ms)


Started GET "/posts" for 127.0.0.1 at 2011-02-22 16:41:37 +0900
  Processing by PostsController#index as HTML
  [1m[35mPost Load (0.0ms)[0m  SELECT `posts`.* FROM `posts`
Rendered posts/index.html.erb within layouts/application (12.0ms)
Completed 200 OK in 46ms (Views: 28.0ms | ActiveRecord: 0.0ms)


Started GET "/posts" for 127.0.0.1 at 2011-02-22 16:41:39 +0900
  Processing by PostsController#index as HTML
  [1m[36mPost Load (0.0ms)[0m  [1mSELECT `posts`.* FROM `posts`[0m
Rendered posts/index.html.erb within layouts/application (10.0ms)
Completed 200 OK in 46ms (Views: 26.0ms | ActiveRecord: 0.0ms)


Started GET "/posts" for 127.0.0.1 at 2011-02-22 16:41:40 +0900
  Processing by PostsController#index as HTML
  [1m[35mPost Load (1.0ms)[0m  SELECT `posts`.* FROM `posts`
Rendered posts/index.html.erb within layouts/application (12.0ms)
Completed 200 OK in 40ms (Views: 26.0ms | ActiveRecord: 1.0ms)


Started GET "/posts" for 127.0.0.1 at 2011-02-22 16:41:41 +0900
  Processing by PostsController#index as HTML
  [1m[36mPost Load (1.0ms)[0m  [1mSELECT `posts`.* FROM `posts`[0m
Rendered posts/index.html.erb within layouts/application (10.0ms)
Completed 200 OK in 41ms (Views: 16.0ms | ActiveRecord: 1.0ms)


Started GET "/posts" for 127.0.0.1 at 2011-02-22 16:41:42 +0900
  Processing by PostsController#index as HTML
  [1m[35mPost Load (1.0ms)[0m  SELECT `posts`.* FROM `posts`
Rendered posts/index.html.erb within layouts/application (10.0ms)
Completed 200 OK in 37ms (Views: 23.0ms | ActiveRecord: 1.0ms)


Started POST "/posts/5" for 127.0.0.1 at 2011-02-22 16:41:59 +0900
  Processing by PostsController#destroy as HTML
  Parameters: {"authenticity_token"=>"/+G1/4J2IE3Fx8CAnY29StrCNdYzHgYZSYavPqLgv/w=", "id"=>"5"}
  [1m[36mPost Load (0.0ms)[0m  [1mSELECT `posts`.* FROM `posts` WHERE `posts`.`id` = 5 LIMIT 1[0m
  [1m[35mSQL (0.0ms)[0m  BEGIN
  [1m[36mComment Load (0.0ms)[0m  [1mSELECT `comments`.* FROM `comments` WHERE (`comments`.post_id = 5)[0m
  [1m[35mAREL (1.0ms)[0m  DELETE FROM `comments` WHERE `comments`.`id` = 6
  [1m[36mAREL (0.0ms)[0m  [1mDELETE FROM `posts` WHERE `posts`.`id` = 5[0m
  [1m[35mSQL (37.0ms)[0m  COMMIT
Redirected to http://localhost:3000/posts
Completed 302 Found in 112ms


Started GET "/posts" for 127.0.0.1 at 2011-02-22 16:41:59 +0900
  Processing by PostsController#index as HTML
  [1m[36mPost Load (0.0ms)[0m  [1mSELECT `posts`.* FROM `posts`[0m
Rendered posts/index.html.erb within layouts/application (12.0ms)
Completed 200 OK in 50ms (Views: 30.0ms | ActiveRecord: 38.0ms)


Started GET "/posts" for 127.0.0.1 at 2011-02-22 16:42:45 +0900
  Processing by PostsController#index as HTML
  [1m[35mPost Load (1.0ms)[0m  SELECT `posts`.* FROM `posts`
Rendered posts/index.html.erb within layouts/application (9.0ms)
Completed 200 OK in 36ms (Views: 22.0ms | ActiveRecord: 1.0ms)


Started GET "/posts" for 127.0.0.1 at 2011-02-22 16:43:20 +0900
  Processing by PostsController#index as HTML
  [1m[36mPost Load (1.0ms)[0m  [1mSELECT "posts".* FROM "posts"[0m
Rendered posts/index.html.erb within layouts/application (2.0ms)
Completed 200 OK in 269ms (Views: 15.0ms | ActiveRecord: 1.0ms)


Started GET "/" for 127.0.0.1 at 2011-02-22 16:43:27 +0900
  Processing by HomeController#index as HTML
Rendered home/index.html.erb within layouts/application (3.0ms)
Completed 200 OK in 16ms (Views: 15.0ms | ActiveRecord: 0.0ms)


Started GET "/posts" for 127.0.0.1 at 2011-02-22 16:43:29 +0900
  Processing by PostsController#index as HTML
  [1m[35mPost Load (0.0ms)[0m  SELECT "posts".* FROM "posts"
Rendered posts/index.html.erb within layouts/application (3.0ms)
Completed 200 OK in 30ms (Views: 16.0ms | ActiveRecord: 0.0ms)


Started GET "/posts/new" for 127.0.0.1 at 2011-02-22 16:43:30 +0900
  Processing by PostsController#new as HTML
Rendered tags/_form.html.erb (66.0ms)
Rendered posts/_form.html.erb (114.0ms)
Rendered posts/new.html.erb within layouts/application (121.0ms)
Completed 200 OK in 156ms (Views: 137.0ms | ActiveRecord: 0.0ms)


Started POST "/posts" for 127.0.0.1 at 2011-02-22 16:43:35 +0900
  Processing by PostsController#create as HTML
  Parameters: {"utf8"=>"✓", "authenticity_token"=>"/+G1/4J2IE3Fx8CAnY29StrCNdYzHgYZSYavPqLgv/w=", "post"=>{"name"=>"a", "title"=>"aaaaa", "content"=>"aaaaaaaaaaaaa"}, "commit"=>"Create Post"}
  [1m[36mSQL (0.0ms)[0m  [1m SELECT name
 FROM sqlite_master
 WHERE type = 'table' AND NOT name = 'sqlite_sequence'
[0m
  [1m[35mAREL (1.0ms)[0m  INSERT INTO "posts" ("name", "title", "content", "created_at", "updated_at") VALUES ('a', 'aaaaa', 'aaaaaaaaaaaaa', '2011-02-22 07:43:35.440714', '2011-02-22 07:43:35.440714')
Redirected to http://localhost:3000/posts/1
Completed 302 Found in 105ms


Started GET "/posts/1" for 127.0.0.1 at 2011-02-22 16:43:35 +0900
  Processing by PostsController#show as HTML
  Parameters: {"id"=>"1"}
  [1m[36mPost Load (1.0ms)[0m  [1mSELECT "posts".* FROM "posts" WHERE "posts"."id" = 1 LIMIT 1[0m
  [1m[35mTag Load (0.0ms)[0m  SELECT "tags".* FROM "tags" WHERE ("tags".post_id = 1)
  [1m[36mComment Load (0.0ms)[0m  [1mSELECT "comments".* FROM "comments" WHERE ("comments".post_id = 1)[0m
Rendered comments/_comment.html.erb (0.0ms)
Rendered comments/_form.html.erb (8.0ms)
Rendered posts/show.html.erb within layouts/application (50.0ms)
Completed 200 OK in 103ms (Views: 64.0ms | ActiveRecord: 2.0ms)


Started POST "/posts/1/comments" for 127.0.0.1 at 2011-02-22 16:43:43 +0900
  Processing by CommentsController#create as HTML
  Parameters: {"utf8"=>"✓", "authenticity_token"=>"/+G1/4J2IE3Fx8CAnY29StrCNdYzHgYZSYavPqLgv/w=", "comment"=>{"commenter"=>"ab", "body"=>"abbbbbbb"}, "commit"=>"Create Comment", "post_id"=>"1"}
  [1m[35mPost Load (0.0ms)[0m  SELECT "posts".* FROM "posts" WHERE "posts"."id" = 1 LIMIT 1
  [1m[36mAREL (1.0ms)[0m  [1mINSERT INTO "comments" ("commenter", "body", "post_id", "created_at", "updated_at") VALUES ('ab', 'abbbbbbb', 1, '2011-02-22 07:43:43.485924', '2011-02-22 07:43:43.485924')[0m
Redirected to http://localhost:3000/posts/1
Completed 302 Found in 129ms


Started GET "/posts/1" for 127.0.0.1 at 2011-02-22 16:43:43 +0900
  Processing by PostsController#show as HTML
  Parameters: {"id"=>"1"}
  [1m[35mPost Load (0.0ms)[0m  SELECT "posts".* FROM "posts" WHERE "posts"."id" = 1 LIMIT 1
  [1m[36mTag Load (1.0ms)[0m  [1mSELECT "tags".* FROM "tags" WHERE ("tags".post_id = 1)[0m
  [1m[35mComment Load (0.0ms)[0m  SELECT "comments".* FROM "comments" WHERE ("comments".post_id = 1)
  [1m[36mCACHE (0.0ms)[0m  [1mSELECT "posts".* FROM "posts" WHERE "posts"."id" = 1 LIMIT 1[0m
Rendered comments/_comment.html.erb (20.0ms)
Rendered comments/_form.html.erb (3.0ms)
Rendered posts/show.html.erb within layouts/application (102.0ms)
Completed 200 OK in 167ms (Views: 130.0ms | ActiveRecord: 2.0ms)


Started GET "/posts" for 127.0.0.1 at 2011-02-22 16:43:46 +0900
  Processing by PostsController#index as HTML
  [1m[35mPost Load (0.0ms)[0m  SELECT "posts".* FROM "posts"
Rendered posts/index.html.erb within layouts/application (10.0ms)
Completed 200 OK in 40ms (Views: 25.0ms | ActiveRecord: 0.0ms)


Started GET "/posts/1/edit" for 127.0.0.1 at 2011-02-22 16:43:49 +0900
  Processing by PostsController#edit as HTML
  Parameters: {"id"=>"1"}
  [1m[36mPost Load (0.0ms)[0m  [1mSELECT "posts".* FROM "posts" WHERE "posts"."id" = 1 LIMIT 1[0m
  [1m[35mTag Load (0.0ms)[0m  SELECT "tags".* FROM "tags" WHERE ("tags".post_id = 1)
Rendered tags/_form.html.erb (16.0ms)
Rendered posts/_form.html.erb (28.0ms)
Rendered posts/edit.html.erb within layouts/application (34.0ms)
Completed 200 OK in 63ms (Views: 48.0ms | ActiveRecord: 0.0ms)


Started POST "/posts/1" for 127.0.0.1 at 2011-02-22 16:43:51 +0900
  Processing by PostsController#update as HTML
  Parameters: {"utf8"=>"✓", "authenticity_token"=>"/+G1/4J2IE3Fx8CAnY29StrCNdYzHgYZSYavPqLgv/w=", "post"=>{"name"=>"a", "title"=>"aaaaa", "content"=>"aaaaaaaaaaaaac"}, "commit"=>"Update Post", "id"=>"1"}
  [1m[36mPost Load (0.0ms)[0m  [1mSELECT "posts".* FROM "posts" WHERE "posts"."id" = 1 LIMIT 1[0m
  [1m[35mAREL (1.0ms)[0m  UPDATE "posts" SET "content" = 'aaaaaaaaaaaaac', "updated_at" = '2011-02-22 07:43:51.104250' WHERE "posts"."id" = 1
Redirected to http://localhost:3000/posts/1
Completed 302 Found in 104ms


Started GET "/posts/1" for 127.0.0.1 at 2011-02-22 16:43:51 +0900
  Processing by PostsController#show as HTML
  Parameters: {"id"=>"1"}
  [1m[36mPost Load (0.0ms)[0m  [1mSELECT "posts".* FROM "posts" WHERE "posts"."id" = 1 LIMIT 1[0m
  [1m[35mTag Load (0.0ms)[0m  SELECT "tags".* FROM "tags" WHERE ("tags".post_id = 1)
  [1m[36mComment Load (0.0ms)[0m  [1mSELECT "comments".* FROM "comments" WHERE ("comments".post_id = 1)[0m
  [1m[35mCACHE (0.0ms)[0m  SELECT "posts".* FROM "posts" WHERE "posts"."id" = 1 LIMIT 1
Rendered comments/_comment.html.erb (13.0ms)
Rendered comments/_form.html.erb (2.0ms)
Rendered posts/show.html.erb within layouts/application (70.0ms)
Completed 200 OK in 100ms (Views: 83.0ms | ActiveRecord: 1.0ms)


Started GET "/posts" for 127.0.0.1 at 2011-02-22 16:43:53 +0900
  Processing by PostsController#index as HTML
  [1m[36mPost Load (0.0ms)[0m  [1mSELECT "posts".* FROM "posts"[0m
Rendered posts/index.html.erb within layouts/application (8.0ms)
Completed 200 OK in 85ms (Views: 21.0ms | ActiveRecord: 0.0ms)


Started GET "/posts/new" for 127.0.0.1 at 2011-02-22 16:46:20 +0900
  Processing by PostsController#new as HTML
Rendered tags/_form.html.erb (22.0ms)
Rendered posts/_form.html.erb (35.0ms)
Rendered posts/new.html.erb within layouts/application (43.0ms)
Completed 200 OK in 80ms (Views: 60.0ms | ActiveRecord: 0.0ms)


Started POST "/posts" for 127.0.0.1 at 2011-02-22 16:46:24 +0900
  Processing by PostsController#create as HTML
  Parameters: {"utf8"=>"✓", "authenticity_token"=>"/+G1/4J2IE3Fx8CAnY29StrCNdYzHgYZSYavPqLgv/w=", "post"=>{"name"=>"b", "title"=>"bbbbbbbbb", "content"=>"bbbbbbbbbbbb"}, "commit"=>"Create Post"}
  [1m[35mAREL (1.0ms)[0m  INSERT INTO "posts" ("name", "title", "content", "created_at", "updated_at") VALUES ('b', 'bbbbbbbbb', 'bbbbbbbbbbbb', '2011-02-22 07:46:24.305585', '2011-02-22 07:46:24.305585')
Redirected to http://localhost:3000/posts/2
Completed 302 Found in 116ms


Started GET "/posts/2" for 127.0.0.1 at 2011-02-22 16:46:24 +0900
  Processing by PostsController#show as HTML
  Parameters: {"id"=>"2"}
  [1m[36mPost Load (0.0ms)[0m  [1mSELECT "posts".* FROM "posts" WHERE "posts"."id" = 2 LIMIT 1[0m
  [1m[35mTag Load (0.0ms)[0m  SELECT "tags".* FROM "tags" WHERE ("tags".post_id = 2)
  [1m[36mComment Load (0.0ms)[0m  [1mSELECT "comments".* FROM "comments" WHERE ("comments".post_id = 2)[0m
Rendered comments/_comment.html.erb (0.0ms)
Rendered comments/_form.html.erb (7.0ms)
Rendered posts/show.html.erb within layouts/application (62.0ms)
Completed 200 OK in 95ms (Views: 75.0ms | ActiveRecord: 1.0ms)


Started GET "/posts" for 127.0.0.1 at 2011-02-22 16:46:31 +0900
  Processing by PostsController#index as HTML
  [1m[35mPost Load (0.0ms)[0m  SELECT "posts".* FROM "posts"
Rendered posts/index.html.erb within layouts/application (9.0ms)
Completed 200 OK in 48ms (Views: 22.0ms | ActiveRecord: 0.0ms)


Started GET "/posts/1" for 127.0.0.1 at 2011-02-22 16:46:34 +0900
  Processing by PostsController#show as HTML
  Parameters: {"id"=>"1"}
  [1m[36mPost Load (1.0ms)[0m  [1mSELECT "posts".* FROM "posts" WHERE "posts"."id" = 1 LIMIT 1[0m
  [1m[35mTag Load (1.0ms)[0m  SELECT "tags".* FROM "tags" WHERE ("tags".post_id = 1)
  [1m[36mComment Load (0.0ms)[0m  [1mSELECT "comments".* FROM "comments" WHERE ("comments".post_id = 1)[0m
  [1m[35mCACHE (0.0ms)[0m  SELECT "posts".* FROM "posts" WHERE "posts"."id" = 1 LIMIT 1
Rendered comments/_comment.html.erb (12.0ms)
Rendered comments/_form.html.erb (2.0ms)
Rendered posts/show.html.erb within layouts/application (127.0ms)
Completed 200 OK in 189ms (Views: 152.0ms | ActiveRecord: 2.0ms)


Started GET "/posts" for 127.0.0.1 at 2011-02-22 16:46:38 +0900
  Processing by PostsController#index as HTML
  [1m[36mPost Load (1.0ms)[0m  [1mSELECT "posts".* FROM "posts"[0m
Rendered posts/index.html.erb within layouts/application (27.0ms)
Completed 200 OK in 95ms (Views: 77.0ms | ActiveRecord: 1.0ms)


Started GET "/posts/1/edit" for 127.0.0.1 at 2011-02-22 16:46:39 +0900
  Processing by PostsController#edit as HTML
  Parameters: {"id"=>"1"}
  [1m[35mPost Load (0.0ms)[0m  SELECT "posts".* FROM "posts" WHERE "posts"."id" = 1 LIMIT 1
  [1m[36mTag Load (0.0ms)[0m  [1mSELECT "tags".* FROM "tags" WHERE ("tags".post_id = 1)[0m
Rendered tags/_form.html.erb (17.0ms)
Rendered posts/_form.html.erb (28.0ms)
Rendered posts/edit.html.erb within layouts/application (34.0ms)
Completed 200 OK in 63ms (Views: 47.0ms | ActiveRecord: 0.0ms)


Started GET "/posts" for 127.0.0.1 at 2011-02-22 16:46:46 +0900
  Processing by PostsController#index as HTML
  [1m[35mPost Load (0.0ms)[0m  SELECT "posts".* FROM "posts"
Rendered posts/index.html.erb within layouts/application (10.0ms)
Completed 200 OK in 36ms (Views: 23.0ms | ActiveRecord: 0.0ms)
